

2023年07月25日 星期二 02时44分19秒
...local/share/nvim/lazy/noice.nvim/lua/noice/view/init.lua:244: Failed to delete line

stack traceback:
	[C]: in function 'pcall'
	...local/share/nvim/lazy/noice.nvim/lua/noice/util/call.lua:144: in function <...local/share/nvim/lazy/noice.nvim/lua/noice/util/call.lua:143>
	[C]: in function 'nvim_buf_set_lines'
	...local/share/nvim/lazy/noice.nvim/lua/noice/view/init.lua:244: in function 'render'
	....local/share/nvim/lazy/noice.nvim/lua/noice/view/nui.lua:293: in function <....local/share/nvim/lazy/noice.nvim/lua/noice/view/nui.lua:279>
	[C]: in function 'xpcall'
	...local/share/nvim/lazy/noice.nvim/lua/noice/util/call.lua:149: in function 'try'
	...local/share/nvim/lazy/noice.nvim/lua/noice/view/init.lua:140: in function 'display'
	...are/nvim/lazy/noice.nvim/lua/noice/view/backend/mini.lua:96: in function 'update'
	...are/nvim/lazy/noice.nvim/lua/noice/view/backend/mini.lua:58: in function <...are/nvim/lazy/noice.nvim/lua/noice/view/backend/mini.lua:57>

2023年07月25日 星期二 23时30分43秒
An error happened while handling a ui event
...local/share/nvim/lazy/noice.nvim/lua/noice/util/lazy.lua:6: module 'noice.text' not found:
	no field package.preload['noice.text']
cache_loader: module noice.text not found
cache_loader_lib: module noice.text not found
	no file './noice/text.lua'
	no file '/build/neovim/src/neovim-0.9.1/.deps/usr/share/luajit-2.1.0-beta3/noice/text.lua'
	no file '/usr/local/share/lua/5.1/noice/text.lua'
	no file '/usr/local/share/lua/5.1/noice/text/init.lua'
	no file '/build/neovim/src/neovim-0.9.1/.deps/usr/share/lua/5.1/noice/text.lua'
	no file '/build/neovim/src/neovim-0.9.1/.deps/usr/share/lua/5.1/noice/text/init.lua'
	no file './noice/text.so'
	no file '/usr/local/lib/lua/5.1/noice/text.so'
	no file '/build/neovim/src/neovim-0.9.1/.deps/usr/lib/lua/5.1/noice/text.so'
	no file '/usr/local/lib/lua/5.1/loadall.so'
	no file './noice.so'
	no file '/usr/local/lib/lua/5.1/noice.so'
	no file '/build/neovim/src/neovim-0.9.1/.deps/usr/lib/lua/5.1/noice.so'
	no file '/usr/local/lib/lua/5.1/loadall.so'

stack traceback:
	[C]: in function 'pcall'
	...local/share/nvim/lazy/noice.nvim/lua/noice/util/call.lua:144: in function <...local/share/nvim/lazy/noice.nvim/lua/noice/util/call.lua:143>
	[C]: in function 'require'
	...local/share/nvim/lazy/noice.nvim/lua/noice/util/lazy.lua:6: in function 'load'
	...local/share/nvim/lazy/noice.nvim/lua/noice/util/lazy.lua:16: in function '__index'
	...ocal/share/nvim/lazy/noice.nvim/lua/noice/ui/cmdline.lua:116: in function 'format'
	...ocal/share/nvim/lazy/noice.nvim/lua/noice/ui/cmdline.lua:253: in function 'update'
	...ocal/share/nvim/lazy/noice.nvim/lua/noice/ui/cmdline.lua:173: in function 'handler'
	.../.local/share/nvim/lazy/noice.nvim/lua/noice/ui/init.lua:181: in function <.../.local/share/nvim/lazy/noice.nvim/lua/noice/ui/init.lua:180>
	[C]: in function 'xpcall'
	...local/share/nvim/lazy/noice.nvim/lua/noice/util/call.lua:149: in function 'safe_handle'
	.../.local/share/nvim/lazy/noice.nvim/lua/noice/ui/init.lua:92: in function <.../.local/share/nvim/lazy/noice.nvim/lua/noice/ui/init.lua:74>

2023年07月25日 星期二 23时30分43秒
...local/share/nvim/lazy/noice.nvim/lua/noice/util/lazy.lua:6: module 'noice.text' not found:
	no field package.preload['noice.text']
cache_loader: module noice.text not found
cache_loader_lib: module noice.text not found
	no file './noice/text.lua'
	no file '/build/neovim/src/neovim-0.9.1/.deps/usr/share/luajit-2.1.0-beta3/noice/text.lua'
	no file '/usr/local/share/lua/5.1/noice/text.lua'
	no file '/usr/local/share/lua/5.1/noice/text/init.lua'
	no file '/build/neovim/src/neovim-0.9.1/.deps/usr/share/lua/5.1/noice/text.lua'
	no file '/build/neovim/src/neovim-0.9.1/.deps/usr/share/lua/5.1/noice/text/init.lua'
	no file './noice/text.so'
	no file '/usr/local/lib/lua/5.1/noice/text.so'
	no file '/build/neovim/src/neovim-0.9.1/.deps/usr/lib/lua/5.1/noice/text.so'
	no file '/usr/local/lib/lua/5.1/loadall.so'
	no file './noice.so'
	no file '/usr/local/lib/lua/5.1/noice.so'
	no file '/build/neovim/src/neovim-0.9.1/.deps/usr/lib/lua/5.1/noice.so'
	no file '/usr/local/lib/lua/5.1/loadall.so'

stack traceback:
	[C]: in function 'pcall'
	...local/share/nvim/lazy/noice.nvim/lua/noice/util/call.lua:144: in function <...local/share/nvim/lazy/noice.nvim/lua/noice/util/call.lua:143>
	[C]: in function 'require'
	...local/share/nvim/lazy/noice.nvim/lua/noice/util/lazy.lua:6: in function 'load'
	...local/share/nvim/lazy/noice.nvim/lua/noice/util/lazy.lua:16: in function '__index'
	...ocal/share/nvim/lazy/noice.nvim/lua/noice/ui/cmdline.lua:116: in function 'format'
	...vim/lazy/noice.nvim/lua/noice/text/format/formatters.lua:161: in function <...vim/lazy/noice.nvim/lua/noice/text/format/formatters.lua:159>
	...hare/nvim/lazy/noice.nvim/lua/noice/text/format/init.lua:98: in function 'format'
	...local/share/nvim/lazy/noice.nvim/lua/noice/view/init.lua:102: in function 'push'
	.../share/nvim/lazy/noice.nvim/lua/noice/message/router.lua:201: in function <.../share/nvim/lazy/noice.nvim/lua/noice/message/router.lua:155>
	[C]: in function 'xpcall'
	...local/share/nvim/lazy/noice.nvim/lua/noice/util/call.lua:149: in function 'try'
	.../.local/share/nvim/lazy/noice.nvim/lua/noice/ui/init.lua:99: in function <.../.local/share/nvim/lazy/noice.nvim/lua/noice/ui/init.lua:74>

2023年07月25日 星期二 23时30分43秒
An error happened while handling a ui event
...local/share/nvim/lazy/noice.nvim/lua/noice/util/lazy.lua:6: module 'noice.text' not found:
	no field package.preload['noice.text']
cache_loader: module noice.text not found
cache_loader_lib: module noice.text not found
	no file './noice/text.lua'
	no file '/build/neovim/src/neovim-0.9.1/.deps/usr/share/luajit-2.1.0-beta3/noice/text.lua'
	no file '/usr/local/share/lua/5.1/noice/text.lua'
	no file '/usr/local/share/lua/5.1/noice/text/init.lua'
	no file '/build/neovim/src/neovim-0.9.1/.deps/usr/share/lua/5.1/noice/text.lua'
	no file '/build/neovim/src/neovim-0.9.1/.deps/usr/share/lua/5.1/noice/text/init.lua'
	no file './noice/text.so'
	no file '/usr/local/lib/lua/5.1/noice/text.so'
	no file '/build/neovim/src/neovim-0.9.1/.deps/usr/lib/lua/5.1/noice/text.so'
	no file '/usr/local/lib/lua/5.1/loadall.so'
	no file './noice.so'
	no file '/usr/local/lib/lua/5.1/noice.so'
	no file '/build/neovim/src/neovim-0.9.1/.deps/usr/lib/lua/5.1/noice.so'
	no file '/usr/local/lib/lua/5.1/loadall.so'

stack traceback:
	[C]: in function 'pcall'
	...local/share/nvim/lazy/noice.nvim/lua/noice/util/call.lua:144: in function <...local/share/nvim/lazy/noice.nvim/lua/noice/util/call.lua:143>
	[C]: in function 'require'
	...local/share/nvim/lazy/noice.nvim/lua/noice/util/lazy.lua:6: in function 'load'
	...local/share/nvim/lazy/noice.nvim/lua/noice/util/lazy.lua:16: in function '__index'
	...ocal/share/nvim/lazy/noice.nvim/lua/noice/ui/cmdline.lua:116: in function 'format'
	...ocal/share/nvim/lazy/noice.nvim/lua/noice/ui/cmdline.lua:253: in function 'update'
	...ocal/share/nvim/lazy/noice.nvim/lua/noice/ui/cmdline.lua:173: in function 'handler'
	.../.local/share/nvim/lazy/noice.nvim/lua/noice/ui/init.lua:181: in function <.../.local/share/nvim/lazy/noice.nvim/lua/noice/ui/init.lua:180>
	[C]: in function 'xpcall'
	...local/share/nvim/lazy/noice.nvim/lua/noice/util/call.lua:149: in function 'safe_handle'
	.../.local/share/nvim/lazy/noice.nvim/lua/noice/ui/init.lua:92: in function <.../.local/share/nvim/lazy/noice.nvim/lua/noice/ui/init.lua:74>

2023年07月25日 星期二 23时30分45秒
An error happened while handling a ui event
...local/share/nvim/lazy/noice.nvim/lua/noice/util/lazy.lua:6: module 'noice.text' not found:
	no field package.preload['noice.text']
cache_loader: module noice.text not found
cache_loader_lib: module noice.text not found
	no file './noice/text.lua'
	no file '/build/neovim/src/neovim-0.9.1/.deps/usr/share/luajit-2.1.0-beta3/noice/text.lua'
	no file '/usr/local/share/lua/5.1/noice/text.lua'
	no file '/usr/local/share/lua/5.1/noice/text/init.lua'
	no file '/build/neovim/src/neovim-0.9.1/.deps/usr/share/lua/5.1/noice/text.lua'
	no file '/build/neovim/src/neovim-0.9.1/.deps/usr/share/lua/5.1/noice/text/init.lua'
	no file './noice/text.so'
	no file '/usr/local/lib/lua/5.1/noice/text.so'
	no file '/build/neovim/src/neovim-0.9.1/.deps/usr/lib/lua/5.1/noice/text.so'
	no file '/usr/local/lib/lua/5.1/loadall.so'
	no file './noice.so'
	no file '/usr/local/lib/lua/5.1/noice.so'
	no file '/build/neovim/src/neovim-0.9.1/.deps/usr/lib/lua/5.1/noice.so'
	no file '/usr/local/lib/lua/5.1/loadall.so'

stack traceback:
	[C]: in function 'pcall'
	...local/share/nvim/lazy/noice.nvim/lua/noice/util/call.lua:144: in function <...local/share/nvim/lazy/noice.nvim/lua/noice/util/call.lua:143>
	[C]: in function 'require'
	...local/share/nvim/lazy/noice.nvim/lua/noice/util/lazy.lua:6: in function 'load'
	...local/share/nvim/lazy/noice.nvim/lua/noice/util/lazy.lua:16: in function '__index'
	...ocal/share/nvim/lazy/noice.nvim/lua/noice/ui/cmdline.lua:116: in function 'format'
	...ocal/share/nvim/lazy/noice.nvim/lua/noice/ui/cmdline.lua:253: in function 'update'
	...ocal/share/nvim/lazy/noice.nvim/lua/noice/ui/cmdline.lua:173: in function 'handler'
	.../.local/share/nvim/lazy/noice.nvim/lua/noice/ui/init.lua:181: in function <.../.local/share/nvim/lazy/noice.nvim/lua/noice/ui/init.lua:180>
	[C]: in function 'xpcall'
	...local/share/nvim/lazy/noice.nvim/lua/noice/util/call.lua:149: in function 'safe_handle'
	.../.local/share/nvim/lazy/noice.nvim/lua/noice/ui/init.lua:92: in function <.../.local/share/nvim/lazy/noice.nvim/lua/noice/ui/init.lua:74>

2023年07月25日 星期二 23时30分46秒
An error happened while handling a ui event
...local/share/nvim/lazy/noice.nvim/lua/noice/util/lazy.lua:6: module 'noice.text' not found:
	no field package.preload['noice.text']
cache_loader: module noice.text not found
cache_loader_lib: module noice.text not found
	no file './noice/text.lua'
	no file '/build/neovim/src/neovim-0.9.1/.deps/usr/share/luajit-2.1.0-beta3/noice/text.lua'
	no file '/usr/local/share/lua/5.1/noice/text.lua'
	no file '/usr/local/share/lua/5.1/noice/text/init.lua'
	no file '/build/neovim/src/neovim-0.9.1/.deps/usr/share/lua/5.1/noice/text.lua'
	no file '/build/neovim/src/neovim-0.9.1/.deps/usr/share/lua/5.1/noice/text/init.lua'
	no file './noice/text.so'
	no file '/usr/local/lib/lua/5.1/noice/text.so'
	no file '/build/neovim/src/neovim-0.9.1/.deps/usr/lib/lua/5.1/noice/text.so'
	no file '/usr/local/lib/lua/5.1/loadall.so'
	no file './noice.so'
	no file '/usr/local/lib/lua/5.1/noice.so'
	no file '/build/neovim/src/neovim-0.9.1/.deps/usr/lib/lua/5.1/noice.so'
	no file '/usr/local/lib/lua/5.1/loadall.so'

stack traceback:
	[C]: in function 'pcall'
	...local/share/nvim/lazy/noice.nvim/lua/noice/util/call.lua:144: in function <...local/share/nvim/lazy/noice.nvim/lua/noice/util/call.lua:143>
	[C]: in function 'require'
	...local/share/nvim/lazy/noice.nvim/lua/noice/util/lazy.lua:6: in function 'load'
	...local/share/nvim/lazy/noice.nvim/lua/noice/util/lazy.lua:16: in function '__index'
	...ocal/share/nvim/lazy/noice.nvim/lua/noice/ui/cmdline.lua:116: in function 'format'
	...ocal/share/nvim/lazy/noice.nvim/lua/noice/ui/cmdline.lua:253: in function 'update'
	...ocal/share/nvim/lazy/noice.nvim/lua/noice/ui/cmdline.lua:173: in function 'handler'
	.../.local/share/nvim/lazy/noice.nvim/lua/noice/ui/init.lua:181: in function <.../.local/share/nvim/lazy/noice.nvim/lua/noice/ui/init.lua:180>
	[C]: in function 'xpcall'
	...local/share/nvim/lazy/noice.nvim/lua/noice/util/call.lua:149: in function 'safe_handle'
	.../.local/share/nvim/lazy/noice.nvim/lua/noice/ui/init.lua:92: in function <.../.local/share/nvim/lazy/noice.nvim/lua/noice/ui/init.lua:74>

2023年07月25日 星期二 23时30分47秒
An error happened while handling a ui event
...local/share/nvim/lazy/noice.nvim/lua/noice/util/lazy.lua:6: module 'noice.text' not found:
	no field package.preload['noice.text']
cache_loader: module noice.text not found
cache_loader_lib: module noice.text not found
	no file './noice/text.lua'
	no file '/build/neovim/src/neovim-0.9.1/.deps/usr/share/luajit-2.1.0-beta3/noice/text.lua'
	no file '/usr/local/share/lua/5.1/noice/text.lua'
	no file '/usr/local/share/lua/5.1/noice/text/init.lua'
	no file '/build/neovim/src/neovim-0.9.1/.deps/usr/share/lua/5.1/noice/text.lua'
	no file '/build/neovim/src/neovim-0.9.1/.deps/usr/share/lua/5.1/noice/text/init.lua'
	no file './noice/text.so'
	no file '/usr/local/lib/lua/5.1/noice/text.so'
	no file '/build/neovim/src/neovim-0.9.1/.deps/usr/lib/lua/5.1/noice/text.so'
	no file '/usr/local/lib/lua/5.1/loadall.so'
	no file './noice.so'
	no file '/usr/local/lib/lua/5.1/noice.so'
	no file '/build/neovim/src/neovim-0.9.1/.deps/usr/lib/lua/5.1/noice.so'
	no file '/usr/local/lib/lua/5.1/loadall.so'

stack traceback:
	[C]: in function 'pcall'
	...local/share/nvim/lazy/noice.nvim/lua/noice/util/call.lua:144: in function <...local/share/nvim/lazy/noice.nvim/lua/noice/util/call.lua:143>
	[C]: in function 'require'
	...local/share/nvim/lazy/noice.nvim/lua/noice/util/lazy.lua:6: in function 'load'
	...local/share/nvim/lazy/noice.nvim/lua/noice/util/lazy.lua:16: in function '__index'
	...ocal/share/nvim/lazy/noice.nvim/lua/noice/ui/cmdline.lua:116: in function 'format'
	...ocal/share/nvim/lazy/noice.nvim/lua/noice/ui/cmdline.lua:253: in function 'update'
	...ocal/share/nvim/lazy/noice.nvim/lua/noice/ui/cmdline.lua:173: in function 'handler'
	.../.local/share/nvim/lazy/noice.nvim/lua/noice/ui/init.lua:181: in function <.../.local/share/nvim/lazy/noice.nvim/lua/noice/ui/init.lua:180>
	[C]: in function 'xpcall'
	...local/share/nvim/lazy/noice.nvim/lua/noice/util/call.lua:149: in function 'safe_handle'
	.../.local/share/nvim/lazy/noice.nvim/lua/noice/ui/init.lua:92: in function <.../.local/share/nvim/lazy/noice.nvim/lua/noice/ui/init.lua:74>

2023年07月25日 星期二 23时30分51秒
An error happened while handling a ui event
...local/share/nvim/lazy/noice.nvim/lua/noice/util/lazy.lua:6: module 'noice.text' not found:
	no field package.preload['noice.text']
cache_loader: module noice.text not found
cache_loader_lib: module noice.text not found
	no file './noice/text.lua'
	no file '/build/neovim/src/neovim-0.9.1/.deps/usr/share/luajit-2.1.0-beta3/noice/text.lua'
	no file '/usr/local/share/lua/5.1/noice/text.lua'
	no file '/usr/local/share/lua/5.1/noice/text/init.lua'
	no file '/build/neovim/src/neovim-0.9.1/.deps/usr/share/lua/5.1/noice/text.lua'
	no file '/build/neovim/src/neovim-0.9.1/.deps/usr/share/lua/5.1/noice/text/init.lua'
	no file './noice/text.so'
	no file '/usr/local/lib/lua/5.1/noice/text.so'
	no file '/build/neovim/src/neovim-0.9.1/.deps/usr/lib/lua/5.1/noice/text.so'
	no file '/usr/local/lib/lua/5.1/loadall.so'
	no file './noice.so'
	no file '/usr/local/lib/lua/5.1/noice.so'
	no file '/build/neovim/src/neovim-0.9.1/.deps/usr/lib/lua/5.1/noice.so'
	no file '/usr/local/lib/lua/5.1/loadall.so'

stack traceback:
	[C]: in function 'pcall'
	...local/share/nvim/lazy/noice.nvim/lua/noice/util/call.lua:144: in function <...local/share/nvim/lazy/noice.nvim/lua/noice/util/call.lua:143>
	[C]: in function 'require'
	...local/share/nvim/lazy/noice.nvim/lua/noice/util/lazy.lua:6: in function 'load'
	...local/share/nvim/lazy/noice.nvim/lua/noice/util/lazy.lua:16: in function '__index'
	...ocal/share/nvim/lazy/noice.nvim/lua/noice/ui/cmdline.lua:116: in function 'format'
	...ocal/share/nvim/lazy/noice.nvim/lua/noice/ui/cmdline.lua:253: in function 'update'
	...ocal/share/nvim/lazy/noice.nvim/lua/noice/ui/cmdline.lua:173: in function 'handler'
	.../.local/share/nvim/lazy/noice.nvim/lua/noice/ui/init.lua:181: in function <.../.local/share/nvim/lazy/noice.nvim/lua/noice/ui/init.lua:180>
	[C]: in function 'xpcall'
	...local/share/nvim/lazy/noice.nvim/lua/noice/util/call.lua:149: in function 'safe_handle'
	.../.local/share/nvim/lazy/noice.nvim/lua/noice/ui/init.lua:92: in function <.../.local/share/nvim/lazy/noice.nvim/lua/noice/ui/init.lua:74>

2023年07月25日 星期二 23时30分53秒
An error happened while handling a ui event
...local/share/nvim/lazy/noice.nvim/lua/noice/util/lazy.lua:6: module 'noice.text' not found:
	no field package.preload['noice.text']
cache_loader: module noice.text not found
cache_loader_lib: module noice.text not found
	no file './noice/text.lua'
	no file '/build/neovim/src/neovim-0.9.1/.deps/usr/share/luajit-2.1.0-beta3/noice/text.lua'
	no file '/usr/local/share/lua/5.1/noice/text.lua'
	no file '/usr/local/share/lua/5.1/noice/text/init.lua'
	no file '/build/neovim/src/neovim-0.9.1/.deps/usr/share/lua/5.1/noice/text.lua'
	no file '/build/neovim/src/neovim-0.9.1/.deps/usr/share/lua/5.1/noice/text/init.lua'
	no file './noice/text.so'
	no file '/usr/local/lib/lua/5.1/noice/text.so'
	no file '/build/neovim/src/neovim-0.9.1/.deps/usr/lib/lua/5.1/noice/text.so'
	no file '/usr/local/lib/lua/5.1/loadall.so'
	no file './noice.so'
	no file '/usr/local/lib/lua/5.1/noice.so'
	no file '/build/neovim/src/neovim-0.9.1/.deps/usr/lib/lua/5.1/noice.so'
	no file '/usr/local/lib/lua/5.1/loadall.so'

stack traceback:
	[C]: in function 'pcall'
	...local/share/nvim/lazy/noice.nvim/lua/noice/util/call.lua:144: in function <...local/share/nvim/lazy/noice.nvim/lua/noice/util/call.lua:143>
	[C]: in function 'require'
	...local/share/nvim/lazy/noice.nvim/lua/noice/util/lazy.lua:6: in function 'load'
	...local/share/nvim/lazy/noice.nvim/lua/noice/util/lazy.lua:16: in function '__index'
	...ocal/share/nvim/lazy/noice.nvim/lua/noice/ui/cmdline.lua:116: in function 'format'
	...ocal/share/nvim/lazy/noice.nvim/lua/noice/ui/cmdline.lua:253: in function 'update'
	...ocal/share/nvim/lazy/noice.nvim/lua/noice/ui/cmdline.lua:173: in function 'handler'
	.../.local/share/nvim/lazy/noice.nvim/lua/noice/ui/init.lua:181: in function <.../.local/share/nvim/lazy/noice.nvim/lua/noice/ui/init.lua:180>
	[C]: in function 'xpcall'
	...local/share/nvim/lazy/noice.nvim/lua/noice/util/call.lua:149: in function 'safe_handle'
	.../.local/share/nvim/lazy/noice.nvim/lua/noice/ui/init.lua:92: in function <.../.local/share/nvim/lazy/noice.nvim/lua/noice/ui/init.lua:74>

2023年07月26日 星期三 16时07分12秒
...hare/nvim/lazy/nvim-notify/lua/notify/render/default.lua:18: Failed to save undo information

stack traceback:
	[C]: in function 'pcall'
	...local/share/nvim/lazy/noice.nvim/lua/noice/util/call.lua:144: in function <...local/share/nvim/lazy/noice.nvim/lua/noice/util/call.lua:143>
	[C]: in function 'nvim_buf_set_lines'
	...hare/nvim/lazy/nvim-notify/lua/notify/render/default.lua:18: in function <...hare/nvim/lazy/nvim-notify/lua/notify/render/default.lua:4>
	...e/nvim/lazy/noice.nvim/lua/noice/view/backend/notify.lua:77: in function <...e/nvim/lazy/noice.nvim/lua/noice/view/backend/notify.lua:75>
	[C]: in function 'xpcall'
	...local/share/nvim/lazy/noice.nvim/lua/noice/util/call.lua:149: in function 'render'
	...
	...e/nvim/lazy/noice.nvim/lua/noice/view/backend/notify.lua:169: in function '_notify'
	...e/nvim/lazy/noice.nvim/lua/noice/view/backend/notify.lua:199: in function <...e/nvim/lazy/noice.nvim/lua/noice/view/backend/notify.lua:176>
	[C]: in function 'xpcall'
	...local/share/nvim/lazy/noice.nvim/lua/noice/util/call.lua:149: in function 'try'
	...local/share/nvim/lazy/noice.nvim/lua/noice/view/init.lua:140: in function 'display'
	.../share/nvim/lazy/noice.nvim/lua/noice/message/router.lua:215: in function 'update'
	...ocal/share/nvim/lazy/noice.nvim/lua/noice/util/hacks.lua:158: in function <...ocal/share/nvim/lazy/noice.nvim/lua/noice/util/hacks.lua:149>
	[C]: in function 'pcall'
	...lingguang/.local/share/nvim/lazy/mini.ai/lua/mini/ai.lua:1848: in function 'user_textobject_id'
	...lingguang/.local/share/nvim/lazy/mini.ai/lua/mini/ai.lua:1177: in function <...lingguang/.local/share/nvim/lazy/mini.ai/lua/mini/ai.lua:1176>

2023年07月27日 星期四 20时39分12秒
...hare/nvim/lazy/nvim-notify/lua/notify/render/default.lua:18: Failed to save undo information

stack traceback:
	[C]: in function 'pcall'
	...local/share/nvim/lazy/noice.nvim/lua/noice/util/call.lua:144: in function <...local/share/nvim/lazy/noice.nvim/lua/noice/util/call.lua:143>
	[C]: in function 'nvim_buf_set_lines'
	...hare/nvim/lazy/nvim-notify/lua/notify/render/default.lua:18: in function <...hare/nvim/lazy/nvim-notify/lua/notify/render/default.lua:4>
	...e/nvim/lazy/noice.nvim/lua/noice/view/backend/notify.lua:77: in function <...e/nvim/lazy/noice.nvim/lua/noice/view/backend/notify.lua:75>
	[C]: in function 'xpcall'
	...local/share/nvim/lazy/noice.nvim/lua/noice/util/call.lua:149: in function 'render'
	...
	...e/nvim/lazy/noice.nvim/lua/noice/view/backend/notify.lua:169: in function '_notify'
	...e/nvim/lazy/noice.nvim/lua/noice/view/backend/notify.lua:199: in function <...e/nvim/lazy/noice.nvim/lua/noice/view/backend/notify.lua:176>
	[C]: in function 'xpcall'
	...local/share/nvim/lazy/noice.nvim/lua/noice/util/call.lua:149: in function 'try'
	...local/share/nvim/lazy/noice.nvim/lua/noice/view/init.lua:140: in function 'display'
	.../share/nvim/lazy/noice.nvim/lua/noice/message/router.lua:215: in function 'update'
	...ocal/share/nvim/lazy/noice.nvim/lua/noice/util/hacks.lua:158: in function <...ocal/share/nvim/lazy/noice.nvim/lua/noice/util/hacks.lua:149>
	[C]: in function 'pcall'
	...lingguang/.local/share/nvim/lazy/mini.ai/lua/mini/ai.lua:1848: in function 'user_textobject_id'
	...lingguang/.local/share/nvim/lazy/mini.ai/lua/mini/ai.lua:1177: in function <...lingguang/.local/share/nvim/lazy/mini.ai/lua/mini/ai.lua:1176>

2023年07月29日 星期六 13时47分51秒
...local/share/nvim/lazy/noice.nvim/lua/noice/util/lazy.lua:6: module 'nui.split' not found:
	no field package.preload['nui.split']
cache_loader: module nui.split not found
cache_loader_lib: module nui.split not found
	no file './nui/split.lua'
	no file '/build/neovim/src/neovim-0.9.1/.deps/usr/share/luajit-2.1.0-beta3/nui/split.lua'
	no file '/usr/local/share/lua/5.1/nui/split.lua'
	no file '/usr/local/share/lua/5.1/nui/split/init.lua'
	no file '/build/neovim/src/neovim-0.9.1/.deps/usr/share/lua/5.1/nui/split.lua'
	no file '/build/neovim/src/neovim-0.9.1/.deps/usr/share/lua/5.1/nui/split/init.lua'
	no file './nui/split.so'
	no file '/usr/local/lib/lua/5.1/nui/split.so'
	no file '/build/neovim/src/neovim-0.9.1/.deps/usr/lib/lua/5.1/nui/split.so'
	no file '/usr/local/lib/lua/5.1/loadall.so'
	no file './nui.so'
	no file '/usr/local/lib/lua/5.1/nui.so'
	no file '/build/neovim/src/neovim-0.9.1/.deps/usr/lib/lua/5.1/nui.so'
	no file '/usr/local/lib/lua/5.1/loadall.so'

stack traceback:
	[C]: in function 'pcall'
	...local/share/nvim/lazy/noice.nvim/lua/noice/util/call.lua:144: in function <...local/share/nvim/lazy/noice.nvim/lua/noice/util/call.lua:143>
	[C]: in function 'require'
	...local/share/nvim/lazy/noice.nvim/lua/noice/util/lazy.lua:6: in function 'load'
	...local/share/nvim/lazy/noice.nvim/lua/noice/util/lazy.lua:22: in function <...local/share/nvim/lazy/noice.nvim/lua/noice/util/lazy.lua:21>
	....local/share/nvim/lazy/noice.nvim/lua/noice/view/nui.lua:128: in function 'create'
	....local/share/nvim/lazy/noice.nvim/lua/noice/view/nui.lua:285: in function <....local/share/nvim/lazy/noice.nvim/lua/noice/view/nui.lua:279>
	[C]: in function 'xpcall'
	...local/share/nvim/lazy/noice.nvim/lua/noice/util/call.lua:149: in function 'try'
	...local/share/nvim/lazy/noice.nvim/lua/noice/view/init.lua:140: in function 'display'
	.../share/nvim/lazy/noice.nvim/lua/noice/message/router.lua:215: in function <.../share/nvim/lazy/noice.nvim/lua/noice/message/router.lua:155>
	[C]: in function 'xpcall'
	...local/share/nvim/lazy/noice.nvim/lua/noice/util/call.lua:149: in function <...local/share/nvim/lazy/noice.nvim/lua/noice/util/call.lua:134>
	[C]: in function 'pcall'
	...local/share/nvim/lazy/noice.nvim/lua/noice/util/init.lua:120: in function ''
	vim/_editor.lua: in function ''
	vim/_editor.lua: in function <vim/_editor.lua:0>

2023年07月29日 星期六 13时48分00秒
An error happened while handling a ui event
...local/share/nvim/lazy/noice.nvim/lua/noice/util/lazy.lua:6: module 'noice.text' not found:
	no field package.preload['noice.text']
cache_loader: module noice.text not found
cache_loader_lib: module noice.text not found
	no file './noice/text.lua'
	no file '/build/neovim/src/neovim-0.9.1/.deps/usr/share/luajit-2.1.0-beta3/noice/text.lua'
	no file '/usr/local/share/lua/5.1/noice/text.lua'
	no file '/usr/local/share/lua/5.1/noice/text/init.lua'
	no file '/build/neovim/src/neovim-0.9.1/.deps/usr/share/lua/5.1/noice/text.lua'
	no file '/build/neovim/src/neovim-0.9.1/.deps/usr/share/lua/5.1/noice/text/init.lua'
	no file './noice/text.so'
	no file '/usr/local/lib/lua/5.1/noice/text.so'
	no file '/build/neovim/src/neovim-0.9.1/.deps/usr/lib/lua/5.1/noice/text.so'
	no file '/usr/local/lib/lua/5.1/loadall.so'
	no file './noice.so'
	no file '/usr/local/lib/lua/5.1/noice.so'
	no file '/build/neovim/src/neovim-0.9.1/.deps/usr/lib/lua/5.1/noice.so'
	no file '/usr/local/lib/lua/5.1/loadall.so'

stack traceback:
	[C]: in function 'pcall'
	...local/share/nvim/lazy/noice.nvim/lua/noice/util/call.lua:144: in function <...local/share/nvim/lazy/noice.nvim/lua/noice/util/call.lua:143>
	[C]: in function 'require'
	...local/share/nvim/lazy/noice.nvim/lua/noice/util/lazy.lua:6: in function 'load'
	...local/share/nvim/lazy/noice.nvim/lua/noice/util/lazy.lua:16: in function '__index'
	...ocal/share/nvim/lazy/noice.nvim/lua/noice/ui/cmdline.lua:116: in function 'format'
	...ocal/share/nvim/lazy/noice.nvim/lua/noice/ui/cmdline.lua:253: in function 'update'
	...ocal/share/nvim/lazy/noice.nvim/lua/noice/ui/cmdline.lua:173: in function 'handler'
	.../.local/share/nvim/lazy/noice.nvim/lua/noice/ui/init.lua:181: in function <.../.local/share/nvim/lazy/noice.nvim/lua/noice/ui/init.lua:180>
	[C]: in function 'xpcall'
	...local/share/nvim/lazy/noice.nvim/lua/noice/util/call.lua:149: in function 'safe_handle'
	.../.local/share/nvim/lazy/noice.nvim/lua/noice/ui/init.lua:92: in function <.../.local/share/nvim/lazy/noice.nvim/lua/noice/ui/init.lua:74>

2023年07月29日 星期六 13时48分00秒
...local/share/nvim/lazy/noice.nvim/lua/noice/util/lazy.lua:6: module 'noice.text' not found:
	no field package.preload['noice.text']
cache_loader: module noice.text not found
cache_loader_lib: module noice.text not found
	no file './noice/text.lua'
	no file '/build/neovim/src/neovim-0.9.1/.deps/usr/share/luajit-2.1.0-beta3/noice/text.lua'
	no file '/usr/local/share/lua/5.1/noice/text.lua'
	no file '/usr/local/share/lua/5.1/noice/text/init.lua'
	no file '/build/neovim/src/neovim-0.9.1/.deps/usr/share/lua/5.1/noice/text.lua'
	no file '/build/neovim/src/neovim-0.9.1/.deps/usr/share/lua/5.1/noice/text/init.lua'
	no file './noice/text.so'
	no file '/usr/local/lib/lua/5.1/noice/text.so'
	no file '/build/neovim/src/neovim-0.9.1/.deps/usr/lib/lua/5.1/noice/text.so'
	no file '/usr/local/lib/lua/5.1/loadall.so'
	no file './noice.so'
	no file '/usr/local/lib/lua/5.1/noice.so'
	no file '/build/neovim/src/neovim-0.9.1/.deps/usr/lib/lua/5.1/noice.so'
	no file '/usr/local/lib/lua/5.1/loadall.so'

stack traceback:
	[C]: in function 'pcall'
	...local/share/nvim/lazy/noice.nvim/lua/noice/util/call.lua:144: in function <...local/share/nvim/lazy/noice.nvim/lua/noice/util/call.lua:143>
	[C]: in function 'require'
	...local/share/nvim/lazy/noice.nvim/lua/noice/util/lazy.lua:6: in function 'load'
	...local/share/nvim/lazy/noice.nvim/lua/noice/util/lazy.lua:16: in function '__index'
	...ocal/share/nvim/lazy/noice.nvim/lua/noice/ui/cmdline.lua:116: in function 'format'
	...vim/lazy/noice.nvim/lua/noice/text/format/formatters.lua:161: in function <...vim/lazy/noice.nvim/lua/noice/text/format/formatters.lua:159>
	...hare/nvim/lazy/noice.nvim/lua/noice/text/format/init.lua:98: in function 'format'
	...local/share/nvim/lazy/noice.nvim/lua/noice/view/init.lua:102: in function 'push'
	.../share/nvim/lazy/noice.nvim/lua/noice/message/router.lua:201: in function <.../share/nvim/lazy/noice.nvim/lua/noice/message/router.lua:155>
	[C]: in function 'xpcall'
	...local/share/nvim/lazy/noice.nvim/lua/noice/util/call.lua:149: in function 'try'
	.../.local/share/nvim/lazy/noice.nvim/lua/noice/ui/init.lua:99: in function <.../.local/share/nvim/lazy/noice.nvim/lua/noice/ui/init.lua:74>

2023年07月29日 星期六 13时48分01秒
An error happened while handling a ui event
...local/share/nvim/lazy/noice.nvim/lua/noice/util/lazy.lua:6: module 'noice.text' not found:
	no field package.preload['noice.text']
cache_loader: module noice.text not found
cache_loader_lib: module noice.text not found
	no file './noice/text.lua'
	no file '/build/neovim/src/neovim-0.9.1/.deps/usr/share/luajit-2.1.0-beta3/noice/text.lua'
	no file '/usr/local/share/lua/5.1/noice/text.lua'
	no file '/usr/local/share/lua/5.1/noice/text/init.lua'
	no file '/build/neovim/src/neovim-0.9.1/.deps/usr/share/lua/5.1/noice/text.lua'
	no file '/build/neovim/src/neovim-0.9.1/.deps/usr/share/lua/5.1/noice/text/init.lua'
	no file './noice/text.so'
	no file '/usr/local/lib/lua/5.1/noice/text.so'
	no file '/build/neovim/src/neovim-0.9.1/.deps/usr/lib/lua/5.1/noice/text.so'
	no file '/usr/local/lib/lua/5.1/loadall.so'
	no file './noice.so'
	no file '/usr/local/lib/lua/5.1/noice.so'
	no file '/build/neovim/src/neovim-0.9.1/.deps/usr/lib/lua/5.1/noice.so'
	no file '/usr/local/lib/lua/5.1/loadall.so'

stack traceback:
	[C]: in function 'pcall'
	...local/share/nvim/lazy/noice.nvim/lua/noice/util/call.lua:144: in function <...local/share/nvim/lazy/noice.nvim/lua/noice/util/call.lua:143>
	[C]: in function 'require'
	...local/share/nvim/lazy/noice.nvim/lua/noice/util/lazy.lua:6: in function 'load'
	...local/share/nvim/lazy/noice.nvim/lua/noice/util/lazy.lua:16: in function '__index'
	...ocal/share/nvim/lazy/noice.nvim/lua/noice/ui/cmdline.lua:116: in function 'format'
	...ocal/share/nvim/lazy/noice.nvim/lua/noice/ui/cmdline.lua:253: in function 'update'
	...ocal/share/nvim/lazy/noice.nvim/lua/noice/ui/cmdline.lua:173: in function 'handler'
	.../.local/share/nvim/lazy/noice.nvim/lua/noice/ui/init.lua:181: in function <.../.local/share/nvim/lazy/noice.nvim/lua/noice/ui/init.lua:180>
	[C]: in function 'xpcall'
	...local/share/nvim/lazy/noice.nvim/lua/noice/util/call.lua:149: in function 'safe_handle'
	.../.local/share/nvim/lazy/noice.nvim/lua/noice/ui/init.lua:92: in function <.../.local/share/nvim/lazy/noice.nvim/lua/noice/ui/init.lua:74>

2023年07月29日 星期六 13时48分05秒
An error happened while handling a ui event
...local/share/nvim/lazy/noice.nvim/lua/noice/util/lazy.lua:6: module 'noice.text' not found:
	no field package.preload['noice.text']
cache_loader: module noice.text not found
cache_loader_lib: module noice.text not found
	no file './noice/text.lua'
	no file '/build/neovim/src/neovim-0.9.1/.deps/usr/share/luajit-2.1.0-beta3/noice/text.lua'
	no file '/usr/local/share/lua/5.1/noice/text.lua'
	no file '/usr/local/share/lua/5.1/noice/text/init.lua'
	no file '/build/neovim/src/neovim-0.9.1/.deps/usr/share/lua/5.1/noice/text.lua'
	no file '/build/neovim/src/neovim-0.9.1/.deps/usr/share/lua/5.1/noice/text/init.lua'
	no file './noice/text.so'
	no file '/usr/local/lib/lua/5.1/noice/text.so'
	no file '/build/neovim/src/neovim-0.9.1/.deps/usr/lib/lua/5.1/noice/text.so'
	no file '/usr/local/lib/lua/5.1/loadall.so'
	no file './noice.so'
	no file '/usr/local/lib/lua/5.1/noice.so'
	no file '/build/neovim/src/neovim-0.9.1/.deps/usr/lib/lua/5.1/noice.so'
	no file '/usr/local/lib/lua/5.1/loadall.so'

stack traceback:
	[C]: in function 'pcall'
	...local/share/nvim/lazy/noice.nvim/lua/noice/util/call.lua:144: in function <...local/share/nvim/lazy/noice.nvim/lua/noice/util/call.lua:143>
	[C]: in function 'require'
	...local/share/nvim/lazy/noice.nvim/lua/noice/util/lazy.lua:6: in function 'load'
	...local/share/nvim/lazy/noice.nvim/lua/noice/util/lazy.lua:16: in function '__index'
	...ocal/share/nvim/lazy/noice.nvim/lua/noice/ui/cmdline.lua:116: in function 'format'
	...ocal/share/nvim/lazy/noice.nvim/lua/noice/ui/cmdline.lua:253: in function 'update'
	...ocal/share/nvim/lazy/noice.nvim/lua/noice/ui/cmdline.lua:173: in function 'handler'
	.../.local/share/nvim/lazy/noice.nvim/lua/noice/ui/init.lua:181: in function <.../.local/share/nvim/lazy/noice.nvim/lua/noice/ui/init.lua:180>
	[C]: in function 'xpcall'
	...local/share/nvim/lazy/noice.nvim/lua/noice/util/call.lua:149: in function 'safe_handle'
	.../.local/share/nvim/lazy/noice.nvim/lua/noice/ui/init.lua:92: in function <.../.local/share/nvim/lazy/noice.nvim/lua/noice/ui/init.lua:74>

2023年07月29日 星期六 13时48分07秒
An error happened while handling a ui event
...local/share/nvim/lazy/noice.nvim/lua/noice/util/lazy.lua:6: module 'noice.text' not found:
	no field package.preload['noice.text']
cache_loader: module noice.text not found
cache_loader_lib: module noice.text not found
	no file './noice/text.lua'
	no file '/build/neovim/src/neovim-0.9.1/.deps/usr/share/luajit-2.1.0-beta3/noice/text.lua'
	no file '/usr/local/share/lua/5.1/noice/text.lua'
	no file '/usr/local/share/lua/5.1/noice/text/init.lua'
	no file '/build/neovim/src/neovim-0.9.1/.deps/usr/share/lua/5.1/noice/text.lua'
	no file '/build/neovim/src/neovim-0.9.1/.deps/usr/share/lua/5.1/noice/text/init.lua'
	no file './noice/text.so'
	no file '/usr/local/lib/lua/5.1/noice/text.so'
	no file '/build/neovim/src/neovim-0.9.1/.deps/usr/lib/lua/5.1/noice/text.so'
	no file '/usr/local/lib/lua/5.1/loadall.so'
	no file './noice.so'
	no file '/usr/local/lib/lua/5.1/noice.so'
	no file '/build/neovim/src/neovim-0.9.1/.deps/usr/lib/lua/5.1/noice.so'
	no file '/usr/local/lib/lua/5.1/loadall.so'

stack traceback:
	[C]: in function 'pcall'
	...local/share/nvim/lazy/noice.nvim/lua/noice/util/call.lua:144: in function <...local/share/nvim/lazy/noice.nvim/lua/noice/util/call.lua:143>
	[C]: in function 'require'
	...local/share/nvim/lazy/noice.nvim/lua/noice/util/lazy.lua:6: in function 'load'
	...local/share/nvim/lazy/noice.nvim/lua/noice/util/lazy.lua:16: in function '__index'
	...ocal/share/nvim/lazy/noice.nvim/lua/noice/ui/cmdline.lua:116: in function 'format'
	...ocal/share/nvim/lazy/noice.nvim/lua/noice/ui/cmdline.lua:253: in function 'update'
	...ocal/share/nvim/lazy/noice.nvim/lua/noice/ui/cmdline.lua:173: in function 'handler'
	.../.local/share/nvim/lazy/noice.nvim/lua/noice/ui/init.lua:181: in function <.../.local/share/nvim/lazy/noice.nvim/lua/noice/ui/init.lua:180>
	[C]: in function 'xpcall'
	...local/share/nvim/lazy/noice.nvim/lua/noice/util/call.lua:149: in function 'safe_handle'
	.../.local/share/nvim/lazy/noice.nvim/lua/noice/ui/init.lua:92: in function <.../.local/share/nvim/lazy/noice.nvim/lua/noice/ui/init.lua:74>

2023年07月29日 星期六 13时48分08秒
An error happened while handling a ui event
...local/share/nvim/lazy/noice.nvim/lua/noice/util/lazy.lua:6: module 'noice.text' not found:
	no field package.preload['noice.text']
cache_loader: module noice.text not found
cache_loader_lib: module noice.text not found
	no file './noice/text.lua'
	no file '/build/neovim/src/neovim-0.9.1/.deps/usr/share/luajit-2.1.0-beta3/noice/text.lua'
	no file '/usr/local/share/lua/5.1/noice/text.lua'
	no file '/usr/local/share/lua/5.1/noice/text/init.lua'
	no file '/build/neovim/src/neovim-0.9.1/.deps/usr/share/lua/5.1/noice/text.lua'
	no file '/build/neovim/src/neovim-0.9.1/.deps/usr/share/lua/5.1/noice/text/init.lua'
	no file './noice/text.so'
	no file '/usr/local/lib/lua/5.1/noice/text.so'
	no file '/build/neovim/src/neovim-0.9.1/.deps/usr/lib/lua/5.1/noice/text.so'
	no file '/usr/local/lib/lua/5.1/loadall.so'
	no file './noice.so'
	no file '/usr/local/lib/lua/5.1/noice.so'
	no file '/build/neovim/src/neovim-0.9.1/.deps/usr/lib/lua/5.1/noice.so'
	no file '/usr/local/lib/lua/5.1/loadall.so'

stack traceback:
	[C]: in function 'pcall'
	...local/share/nvim/lazy/noice.nvim/lua/noice/util/call.lua:144: in function <...local/share/nvim/lazy/noice.nvim/lua/noice/util/call.lua:143>
	[C]: in function 'require'
	...local/share/nvim/lazy/noice.nvim/lua/noice/util/lazy.lua:6: in function 'load'
	...local/share/nvim/lazy/noice.nvim/lua/noice/util/lazy.lua:16: in function '__index'
	...ocal/share/nvim/lazy/noice.nvim/lua/noice/ui/cmdline.lua:116: in function 'format'
	...ocal/share/nvim/lazy/noice.nvim/lua/noice/ui/cmdline.lua:253: in function 'update'
	...ocal/share/nvim/lazy/noice.nvim/lua/noice/ui/cmdline.lua:173: in function 'handler'
	.../.local/share/nvim/lazy/noice.nvim/lua/noice/ui/init.lua:181: in function <.../.local/share/nvim/lazy/noice.nvim/lua/noice/ui/init.lua:180>
	[C]: in function 'xpcall'
	...local/share/nvim/lazy/noice.nvim/lua/noice/util/call.lua:149: in function 'safe_handle'
	.../.local/share/nvim/lazy/noice.nvim/lua/noice/ui/init.lua:92: in function <.../.local/share/nvim/lazy/noice.nvim/lua/noice/ui/init.lua:74>

2023年07月29日 星期六 13时48分09秒
An error happened while handling a ui event
...local/share/nvim/lazy/noice.nvim/lua/noice/util/lazy.lua:6: module 'noice.text' not found:
	no field package.preload['noice.text']
cache_loader: module noice.text not found
cache_loader_lib: module noice.text not found
	no file './noice/text.lua'
	no file '/build/neovim/src/neovim-0.9.1/.deps/usr/share/luajit-2.1.0-beta3/noice/text.lua'
	no file '/usr/local/share/lua/5.1/noice/text.lua'
	no file '/usr/local/share/lua/5.1/noice/text/init.lua'
	no file '/build/neovim/src/neovim-0.9.1/.deps/usr/share/lua/5.1/noice/text.lua'
	no file '/build/neovim/src/neovim-0.9.1/.deps/usr/share/lua/5.1/noice/text/init.lua'
	no file './noice/text.so'
	no file '/usr/local/lib/lua/5.1/noice/text.so'
	no file '/build/neovim/src/neovim-0.9.1/.deps/usr/lib/lua/5.1/noice/text.so'
	no file '/usr/local/lib/lua/5.1/loadall.so'
	no file './noice.so'
	no file '/usr/local/lib/lua/5.1/noice.so'
	no file '/build/neovim/src/neovim-0.9.1/.deps/usr/lib/lua/5.1/noice.so'
	no file '/usr/local/lib/lua/5.1/loadall.so'

stack traceback:
	[C]: in function 'pcall'
	...local/share/nvim/lazy/noice.nvim/lua/noice/util/call.lua:144: in function <...local/share/nvim/lazy/noice.nvim/lua/noice/util/call.lua:143>
	[C]: in function 'require'
	...local/share/nvim/lazy/noice.nvim/lua/noice/util/lazy.lua:6: in function 'load'
	...local/share/nvim/lazy/noice.nvim/lua/noice/util/lazy.lua:16: in function '__index'
	...ocal/share/nvim/lazy/noice.nvim/lua/noice/ui/cmdline.lua:116: in function 'format'
	...ocal/share/nvim/lazy/noice.nvim/lua/noice/ui/cmdline.lua:253: in function 'update'
	...ocal/share/nvim/lazy/noice.nvim/lua/noice/ui/cmdline.lua:173: in function 'handler'
	.../.local/share/nvim/lazy/noice.nvim/lua/noice/ui/init.lua:181: in function <.../.local/share/nvim/lazy/noice.nvim/lua/noice/ui/init.lua:180>
	[C]: in function 'xpcall'
	...local/share/nvim/lazy/noice.nvim/lua/noice/util/call.lua:149: in function 'safe_handle'
	.../.local/share/nvim/lazy/noice.nvim/lua/noice/ui/init.lua:92: in function <.../.local/share/nvim/lazy/noice.nvim/lua/noice/ui/init.lua:74>

2023年07月29日 星期六 13时48分09秒
An error happened while handling a ui event
...local/share/nvim/lazy/noice.nvim/lua/noice/util/lazy.lua:6: module 'noice.text' not found:
	no field package.preload['noice.text']
cache_loader: module noice.text not found
cache_loader_lib: module noice.text not found
	no file './noice/text.lua'
	no file '/build/neovim/src/neovim-0.9.1/.deps/usr/share/luajit-2.1.0-beta3/noice/text.lua'
	no file '/usr/local/share/lua/5.1/noice/text.lua'
	no file '/usr/local/share/lua/5.1/noice/text/init.lua'
	no file '/build/neovim/src/neovim-0.9.1/.deps/usr/share/lua/5.1/noice/text.lua'
	no file '/build/neovim/src/neovim-0.9.1/.deps/usr/share/lua/5.1/noice/text/init.lua'
	no file './noice/text.so'
	no file '/usr/local/lib/lua/5.1/noice/text.so'
	no file '/build/neovim/src/neovim-0.9.1/.deps/usr/lib/lua/5.1/noice/text.so'
	no file '/usr/local/lib/lua/5.1/loadall.so'
	no file './noice.so'
	no file '/usr/local/lib/lua/5.1/noice.so'
	no file '/build/neovim/src/neovim-0.9.1/.deps/usr/lib/lua/5.1/noice.so'
	no file '/usr/local/lib/lua/5.1/loadall.so'

stack traceback:
	[C]: in function 'pcall'
	...local/share/nvim/lazy/noice.nvim/lua/noice/util/call.lua:144: in function <...local/share/nvim/lazy/noice.nvim/lua/noice/util/call.lua:143>
	[C]: in function 'require'
	...local/share/nvim/lazy/noice.nvim/lua/noice/util/lazy.lua:6: in function 'load'
	...local/share/nvim/lazy/noice.nvim/lua/noice/util/lazy.lua:16: in function '__index'
	...ocal/share/nvim/lazy/noice.nvim/lua/noice/ui/cmdline.lua:116: in function 'format'
	...ocal/share/nvim/lazy/noice.nvim/lua/noice/ui/cmdline.lua:253: in function 'update'
	...ocal/share/nvim/lazy/noice.nvim/lua/noice/ui/cmdline.lua:173: in function 'handler'
	.../.local/share/nvim/lazy/noice.nvim/lua/noice/ui/init.lua:181: in function <.../.local/share/nvim/lazy/noice.nvim/lua/noice/ui/init.lua:180>
	[C]: in function 'xpcall'
	...local/share/nvim/lazy/noice.nvim/lua/noice/util/call.lua:149: in function 'safe_handle'
	.../.local/share/nvim/lazy/noice.nvim/lua/noice/ui/init.lua:92: in function <.../.local/share/nvim/lazy/noice.nvim/lua/noice/ui/init.lua:74>

2023年07月29日 星期六 13时48分11秒
An error happened while handling a ui event
...local/share/nvim/lazy/noice.nvim/lua/noice/util/lazy.lua:6: module 'noice.text' not found:
	no field package.preload['noice.text']
cache_loader: module noice.text not found
cache_loader_lib: module noice.text not found
	no file './noice/text.lua'
	no file '/build/neovim/src/neovim-0.9.1/.deps/usr/share/luajit-2.1.0-beta3/noice/text.lua'
	no file '/usr/local/share/lua/5.1/noice/text.lua'
	no file '/usr/local/share/lua/5.1/noice/text/init.lua'
	no file '/build/neovim/src/neovim-0.9.1/.deps/usr/share/lua/5.1/noice/text.lua'
	no file '/build/neovim/src/neovim-0.9.1/.deps/usr/share/lua/5.1/noice/text/init.lua'
	no file './noice/text.so'
	no file '/usr/local/lib/lua/5.1/noice/text.so'
	no file '/build/neovim/src/neovim-0.9.1/.deps/usr/lib/lua/5.1/noice/text.so'
	no file '/usr/local/lib/lua/5.1/loadall.so'
	no file './noice.so'
	no file '/usr/local/lib/lua/5.1/noice.so'
	no file '/build/neovim/src/neovim-0.9.1/.deps/usr/lib/lua/5.1/noice.so'
	no file '/usr/local/lib/lua/5.1/loadall.so'

stack traceback:
	[C]: in function 'pcall'
	...local/share/nvim/lazy/noice.nvim/lua/noice/util/call.lua:144: in function <...local/share/nvim/lazy/noice.nvim/lua/noice/util/call.lua:143>
	[C]: in function 'require'
	...local/share/nvim/lazy/noice.nvim/lua/noice/util/lazy.lua:6: in function 'load'
	...local/share/nvim/lazy/noice.nvim/lua/noice/util/lazy.lua:16: in function '__index'
	...ocal/share/nvim/lazy/noice.nvim/lua/noice/ui/cmdline.lua:116: in function 'format'
	...ocal/share/nvim/lazy/noice.nvim/lua/noice/ui/cmdline.lua:253: in function 'update'
	...ocal/share/nvim/lazy/noice.nvim/lua/noice/ui/cmdline.lua:173: in function 'handler'
	.../.local/share/nvim/lazy/noice.nvim/lua/noice/ui/init.lua:181: in function <.../.local/share/nvim/lazy/noice.nvim/lua/noice/ui/init.lua:180>
	[C]: in function 'xpcall'
	...local/share/nvim/lazy/noice.nvim/lua/noice/util/call.lua:149: in function 'safe_handle'
	.../.local/share/nvim/lazy/noice.nvim/lua/noice/ui/init.lua:92: in function <.../.local/share/nvim/lazy/noice.nvim/lua/noice/ui/init.lua:74>

2023年07月29日 星期六 13时48分13秒
An error happened while handling a ui event
...local/share/nvim/lazy/noice.nvim/lua/noice/util/lazy.lua:6: module 'noice.text' not found:
	no field package.preload['noice.text']
cache_loader: module noice.text not found
cache_loader_lib: module noice.text not found
	no file './noice/text.lua'
	no file '/build/neovim/src/neovim-0.9.1/.deps/usr/share/luajit-2.1.0-beta3/noice/text.lua'
	no file '/usr/local/share/lua/5.1/noice/text.lua'
	no file '/usr/local/share/lua/5.1/noice/text/init.lua'
	no file '/build/neovim/src/neovim-0.9.1/.deps/usr/share/lua/5.1/noice/text.lua'
	no file '/build/neovim/src/neovim-0.9.1/.deps/usr/share/lua/5.1/noice/text/init.lua'
	no file './noice/text.so'
	no file '/usr/local/lib/lua/5.1/noice/text.so'
	no file '/build/neovim/src/neovim-0.9.1/.deps/usr/lib/lua/5.1/noice/text.so'
	no file '/usr/local/lib/lua/5.1/loadall.so'
	no file './noice.so'
	no file '/usr/local/lib/lua/5.1/noice.so'
	no file '/build/neovim/src/neovim-0.9.1/.deps/usr/lib/lua/5.1/noice.so'
	no file '/usr/local/lib/lua/5.1/loadall.so'

stack traceback:
	[C]: in function 'pcall'
	...local/share/nvim/lazy/noice.nvim/lua/noice/util/call.lua:144: in function <...local/share/nvim/lazy/noice.nvim/lua/noice/util/call.lua:143>
	[C]: in function 'require'
	...local/share/nvim/lazy/noice.nvim/lua/noice/util/lazy.lua:6: in function 'load'
	...local/share/nvim/lazy/noice.nvim/lua/noice/util/lazy.lua:16: in function '__index'
	...ocal/share/nvim/lazy/noice.nvim/lua/noice/ui/cmdline.lua:116: in function 'format'
	...ocal/share/nvim/lazy/noice.nvim/lua/noice/ui/cmdline.lua:253: in function 'update'
	...ocal/share/nvim/lazy/noice.nvim/lua/noice/ui/cmdline.lua:173: in function 'handler'
	.../.local/share/nvim/lazy/noice.nvim/lua/noice/ui/init.lua:181: in function <.../.local/share/nvim/lazy/noice.nvim/lua/noice/ui/init.lua:180>
	[C]: in function 'xpcall'
	...local/share/nvim/lazy/noice.nvim/lua/noice/util/call.lua:149: in function 'safe_handle'
	.../.local/share/nvim/lazy/noice.nvim/lua/noice/ui/init.lua:92: in function <.../.local/share/nvim/lazy/noice.nvim/lua/noice/ui/init.lua:74>

2023年07月29日 星期六 13时48分14秒
An error happened while handling a ui event
...local/share/nvim/lazy/noice.nvim/lua/noice/util/lazy.lua:6: module 'noice.text' not found:
	no field package.preload['noice.text']
cache_loader: module noice.text not found
cache_loader_lib: module noice.text not found
	no file './noice/text.lua'
	no file '/build/neovim/src/neovim-0.9.1/.deps/usr/share/luajit-2.1.0-beta3/noice/text.lua'
	no file '/usr/local/share/lua/5.1/noice/text.lua'
	no file '/usr/local/share/lua/5.1/noice/text/init.lua'
	no file '/build/neovim/src/neovim-0.9.1/.deps/usr/share/lua/5.1/noice/text.lua'
	no file '/build/neovim/src/neovim-0.9.1/.deps/usr/share/lua/5.1/noice/text/init.lua'
	no file './noice/text.so'
	no file '/usr/local/lib/lua/5.1/noice/text.so'
	no file '/build/neovim/src/neovim-0.9.1/.deps/usr/lib/lua/5.1/noice/text.so'
	no file '/usr/local/lib/lua/5.1/loadall.so'
	no file './noice.so'
	no file '/usr/local/lib/lua/5.1/noice.so'
	no file '/build/neovim/src/neovim-0.9.1/.deps/usr/lib/lua/5.1/noice.so'
	no file '/usr/local/lib/lua/5.1/loadall.so'

stack traceback:
	[C]: in function 'pcall'
	...local/share/nvim/lazy/noice.nvim/lua/noice/util/call.lua:144: in function <...local/share/nvim/lazy/noice.nvim/lua/noice/util/call.lua:143>
	[C]: in function 'require'
	...local/share/nvim/lazy/noice.nvim/lua/noice/util/lazy.lua:6: in function 'load'
	...local/share/nvim/lazy/noice.nvim/lua/noice/util/lazy.lua:16: in function '__index'
	...ocal/share/nvim/lazy/noice.nvim/lua/noice/ui/cmdline.lua:116: in function 'format'
	...ocal/share/nvim/lazy/noice.nvim/lua/noice/ui/cmdline.lua:253: in function 'update'
	...ocal/share/nvim/lazy/noice.nvim/lua/noice/ui/cmdline.lua:173: in function 'handler'
	.../.local/share/nvim/lazy/noice.nvim/lua/noice/ui/init.lua:181: in function <.../.local/share/nvim/lazy/noice.nvim/lua/noice/ui/init.lua:180>
	[C]: in function 'xpcall'
	...local/share/nvim/lazy/noice.nvim/lua/noice/util/call.lua:149: in function 'safe_handle'
	.../.local/share/nvim/lazy/noice.nvim/lua/noice/ui/init.lua:92: in function <.../.local/share/nvim/lazy/noice.nvim/lua/noice/ui/init.lua:74>

2023年07月29日 星期六 13时48分14秒
An error happened while handling a ui event
...local/share/nvim/lazy/noice.nvim/lua/noice/util/lazy.lua:6: module 'noice.text' not found:
	no field package.preload['noice.text']
cache_loader: module noice.text not found
cache_loader_lib: module noice.text not found
	no file './noice/text.lua'
	no file '/build/neovim/src/neovim-0.9.1/.deps/usr/share/luajit-2.1.0-beta3/noice/text.lua'
	no file '/usr/local/share/lua/5.1/noice/text.lua'
	no file '/usr/local/share/lua/5.1/noice/text/init.lua'
	no file '/build/neovim/src/neovim-0.9.1/.deps/usr/share/lua/5.1/noice/text.lua'
	no file '/build/neovim/src/neovim-0.9.1/.deps/usr/share/lua/5.1/noice/text/init.lua'
	no file './noice/text.so'
	no file '/usr/local/lib/lua/5.1/noice/text.so'
	no file '/build/neovim/src/neovim-0.9.1/.deps/usr/lib/lua/5.1/noice/text.so'
	no file '/usr/local/lib/lua/5.1/loadall.so'
	no file './noice.so'
	no file '/usr/local/lib/lua/5.1/noice.so'
	no file '/build/neovim/src/neovim-0.9.1/.deps/usr/lib/lua/5.1/noice.so'
	no file '/usr/local/lib/lua/5.1/loadall.so'

stack traceback:
	[C]: in function 'pcall'
	...local/share/nvim/lazy/noice.nvim/lua/noice/util/call.lua:144: in function <...local/share/nvim/lazy/noice.nvim/lua/noice/util/call.lua:143>
	[C]: in function 'require'
	...local/share/nvim/lazy/noice.nvim/lua/noice/util/lazy.lua:6: in function 'load'
	...local/share/nvim/lazy/noice.nvim/lua/noice/util/lazy.lua:16: in function '__index'
	...ocal/share/nvim/lazy/noice.nvim/lua/noice/ui/cmdline.lua:116: in function 'format'
	...ocal/share/nvim/lazy/noice.nvim/lua/noice/ui/cmdline.lua:253: in function 'update'
	...ocal/share/nvim/lazy/noice.nvim/lua/noice/ui/cmdline.lua:173: in function 'handler'
	.../.local/share/nvim/lazy/noice.nvim/lua/noice/ui/init.lua:181: in function <.../.local/share/nvim/lazy/noice.nvim/lua/noice/ui/init.lua:180>
	[C]: in function 'xpcall'
	...local/share/nvim/lazy/noice.nvim/lua/noice/util/call.lua:149: in function 'safe_handle'
	.../.local/share/nvim/lazy/noice.nvim/lua/noice/ui/init.lua:92: in function <.../.local/share/nvim/lazy/noice.nvim/lua/noice/ui/init.lua:74>

2023年07月29日 星期六 13时48分15秒
An error happened while handling a ui event
...local/share/nvim/lazy/noice.nvim/lua/noice/util/lazy.lua:6: module 'noice.text' not found:
	no field package.preload['noice.text']
cache_loader: module noice.text not found
cache_loader_lib: module noice.text not found
	no file './noice/text.lua'
	no file '/build/neovim/src/neovim-0.9.1/.deps/usr/share/luajit-2.1.0-beta3/noice/text.lua'
	no file '/usr/local/share/lua/5.1/noice/text.lua'
	no file '/usr/local/share/lua/5.1/noice/text/init.lua'
	no file '/build/neovim/src/neovim-0.9.1/.deps/usr/share/lua/5.1/noice/text.lua'
	no file '/build/neovim/src/neovim-0.9.1/.deps/usr/share/lua/5.1/noice/text/init.lua'
	no file './noice/text.so'
	no file '/usr/local/lib/lua/5.1/noice/text.so'
	no file '/build/neovim/src/neovim-0.9.1/.deps/usr/lib/lua/5.1/noice/text.so'
	no file '/usr/local/lib/lua/5.1/loadall.so'
	no file './noice.so'
	no file '/usr/local/lib/lua/5.1/noice.so'
	no file '/build/neovim/src/neovim-0.9.1/.deps/usr/lib/lua/5.1/noice.so'
	no file '/usr/local/lib/lua/5.1/loadall.so'

stack traceback:
	[C]: in function 'pcall'
	...local/share/nvim/lazy/noice.nvim/lua/noice/util/call.lua:144: in function <...local/share/nvim/lazy/noice.nvim/lua/noice/util/call.lua:143>
	[C]: in function 'require'
	...local/share/nvim/lazy/noice.nvim/lua/noice/util/lazy.lua:6: in function 'load'
	...local/share/nvim/lazy/noice.nvim/lua/noice/util/lazy.lua:16: in function '__index'
	...ocal/share/nvim/lazy/noice.nvim/lua/noice/ui/cmdline.lua:116: in function 'format'
	...ocal/share/nvim/lazy/noice.nvim/lua/noice/ui/cmdline.lua:253: in function 'update'
	...ocal/share/nvim/lazy/noice.nvim/lua/noice/ui/cmdline.lua:173: in function 'handler'
	.../.local/share/nvim/lazy/noice.nvim/lua/noice/ui/init.lua:181: in function <.../.local/share/nvim/lazy/noice.nvim/lua/noice/ui/init.lua:180>
	[C]: in function 'xpcall'
	...local/share/nvim/lazy/noice.nvim/lua/noice/util/call.lua:149: in function 'safe_handle'
	.../.local/share/nvim/lazy/noice.nvim/lua/noice/ui/init.lua:92: in function <.../.local/share/nvim/lazy/noice.nvim/lua/noice/ui/init.lua:74>

2023年07月29日 星期六 13时48分15秒
An error happened while handling a ui event
...local/share/nvim/lazy/noice.nvim/lua/noice/util/lazy.lua:6: module 'noice.text' not found:
	no field package.preload['noice.text']
cache_loader: module noice.text not found
cache_loader_lib: module noice.text not found
	no file './noice/text.lua'
	no file '/build/neovim/src/neovim-0.9.1/.deps/usr/share/luajit-2.1.0-beta3/noice/text.lua'
	no file '/usr/local/share/lua/5.1/noice/text.lua'
	no file '/usr/local/share/lua/5.1/noice/text/init.lua'
	no file '/build/neovim/src/neovim-0.9.1/.deps/usr/share/lua/5.1/noice/text.lua'
	no file '/build/neovim/src/neovim-0.9.1/.deps/usr/share/lua/5.1/noice/text/init.lua'
	no file './noice/text.so'
	no file '/usr/local/lib/lua/5.1/noice/text.so'
	no file '/build/neovim/src/neovim-0.9.1/.deps/usr/lib/lua/5.1/noice/text.so'
	no file '/usr/local/lib/lua/5.1/loadall.so'
	no file './noice.so'
	no file '/usr/local/lib/lua/5.1/noice.so'
	no file '/build/neovim/src/neovim-0.9.1/.deps/usr/lib/lua/5.1/noice.so'
	no file '/usr/local/lib/lua/5.1/loadall.so'

stack traceback:
	[C]: in function 'pcall'
	...local/share/nvim/lazy/noice.nvim/lua/noice/util/call.lua:144: in function <...local/share/nvim/lazy/noice.nvim/lua/noice/util/call.lua:143>
	[C]: in function 'require'
	...local/share/nvim/lazy/noice.nvim/lua/noice/util/lazy.lua:6: in function 'load'
	...local/share/nvim/lazy/noice.nvim/lua/noice/util/lazy.lua:16: in function '__index'
	...ocal/share/nvim/lazy/noice.nvim/lua/noice/ui/cmdline.lua:116: in function 'format'
	...ocal/share/nvim/lazy/noice.nvim/lua/noice/ui/cmdline.lua:253: in function 'update'
	...ocal/share/nvim/lazy/noice.nvim/lua/noice/ui/cmdline.lua:173: in function 'handler'
	.../.local/share/nvim/lazy/noice.nvim/lua/noice/ui/init.lua:181: in function <.../.local/share/nvim/lazy/noice.nvim/lua/noice/ui/init.lua:180>
	[C]: in function 'xpcall'
	...local/share/nvim/lazy/noice.nvim/lua/noice/util/call.lua:149: in function 'safe_handle'
	.../.local/share/nvim/lazy/noice.nvim/lua/noice/ui/init.lua:92: in function <.../.local/share/nvim/lazy/noice.nvim/lua/noice/ui/init.lua:74>

2023年12月17日 星期日 15时15分58秒
....local/share/nvim/lazy/nui.nvim/lua/nui/popup/border.lua:507: attempt to call field 'set_win_option' (a nil value)

stack traceback:
	[C]: in function 'pcall'
	...local/share/nvim/lazy/noice.nvim/lua/noice/util/call.lua:144: in function 'set_win_option'
	....local/share/nvim/lazy/nui.nvim/lua/nui/popup/border.lua:507: in function '_open_window'
	....local/share/nvim/lazy/nui.nvim/lua/nui/popup/border.lua:558: in function 'mount'
	...g/.local/share/nvim/lazy/nui.nvim/lua/nui/popup/init.lua:243: in function 'mount'
	....local/share/nvim/lazy/noice.nvim/lua/noice/view/nui.lua:141: in function 'mount'
	....local/share/nvim/lazy/noice.nvim/lua/noice/view/nui.lua:130: in function 'create'
	....local/share/nvim/lazy/noice.nvim/lua/noice/view/nui.lua:285: in function <....local/share/nvim/lazy/noice.nvim/lua/noice/view/nui.lua:279>
	[C]: in function 'xpcall'
	...local/share/nvim/lazy/noice.nvim/lua/noice/util/call.lua:149: in function 'try'
	...local/share/nvim/lazy/noice.nvim/lua/noice/view/init.lua:140: in function 'display'
	.../share/nvim/lazy/noice.nvim/lua/noice/message/router.lua:215: in function <.../share/nvim/lazy/noice.nvim/lua/noice/message/router.lua:155>
	[C]: in function 'xpcall'
	...local/share/nvim/lazy/noice.nvim/lua/noice/util/call.lua:149: in function 'try'
	.../.local/share/nvim/lazy/noice.nvim/lua/noice/ui/init.lua:99: in function <.../.local/share/nvim/lazy/noice.nvim/lua/noice/ui/init.lua:74>

Tue 19 Dec 2023 03:50:44 PM CST
...local/share/nvim/lazy/noice.nvim/lua/noice/view/init.lua:244: Failed to delete line

stack traceback:
	[C]: in function 'pcall'
	...local/share/nvim/lazy/noice.nvim/lua/noice/util/call.lua:144: in function <...local/share/nvim/lazy/noice.nvim/lua/noice/util/call.lua:143>
	[C]: in function 'nvim_buf_set_lines'
	...local/share/nvim/lazy/noice.nvim/lua/noice/view/init.lua:244: in function 'render'
	....local/share/nvim/lazy/noice.nvim/lua/noice/view/nui.lua:295: in function <....local/share/nvim/lazy/noice.nvim/lua/noice/view/nui.lua:281>
	[C]: in function 'xpcall'
	...local/share/nvim/lazy/noice.nvim/lua/noice/util/call.lua:149: in function 'try'
	...local/share/nvim/lazy/noice.nvim/lua/noice/view/init.lua:140: in function 'display'
	...are/nvim/lazy/noice.nvim/lua/noice/view/backend/mini.lua:96: in function 'update'
	...are/nvim/lazy/noice.nvim/lua/noice/view/backend/mini.lua:58: in function <...are/nvim/lazy/noice.nvim/lua/noice/view/backend/mini.lua:57>

Tue 19 Dec 2023 03:50:44 PM CST
...local/share/nvim/lazy/noice.nvim/lua/noice/view/init.lua:244: Failed to delete line

stack traceback:
	[C]: in function 'pcall'
	...local/share/nvim/lazy/noice.nvim/lua/noice/util/call.lua:144: in function <...local/share/nvim/lazy/noice.nvim/lua/noice/util/call.lua:143>
	[C]: in function 'nvim_buf_set_lines'
	...local/share/nvim/lazy/noice.nvim/lua/noice/view/init.lua:244: in function 'render'
	....local/share/nvim/lazy/noice.nvim/lua/noice/view/nui.lua:295: in function <....local/share/nvim/lazy/noice.nvim/lua/noice/view/nui.lua:281>
	[C]: in function 'xpcall'
	...local/share/nvim/lazy/noice.nvim/lua/noice/util/call.lua:149: in function 'try'
	...local/share/nvim/lazy/noice.nvim/lua/noice/view/init.lua:140: in function 'display'
	...are/nvim/lazy/noice.nvim/lua/noice/view/backend/mini.lua:96: in function 'update'
	...are/nvim/lazy/noice.nvim/lua/noice/view/backend/mini.lua:58: in function <...are/nvim/lazy/noice.nvim/lua/noice/view/backend/mini.lua:57>

Tue 19 Dec 2023 11:03:03 PM CST
...hare/nvim/lazy/nvim-notify/lua/notify/render/default.lua:18: Failed to save undo information

stack traceback:
	[C]: in function 'pcall'
	...local/share/nvim/lazy/noice.nvim/lua/noice/util/call.lua:144: in function <...local/share/nvim/lazy/noice.nvim/lua/noice/util/call.lua:143>
	[C]: in function 'nvim_buf_set_lines'
	...hare/nvim/lazy/nvim-notify/lua/notify/render/default.lua:18: in function <...hare/nvim/lazy/nvim-notify/lua/notify/render/default.lua:4>
	...e/nvim/lazy/noice.nvim/lua/noice/view/backend/notify.lua:77: in function <...e/nvim/lazy/noice.nvim/lua/noice/view/backend/notify.lua:75>
	[C]: in function 'xpcall'
	...local/share/nvim/lazy/noice.nvim/lua/noice/util/call.lua:149: in function 'render'
	...
	...e/nvim/lazy/noice.nvim/lua/noice/view/backend/notify.lua:169: in function '_notify'
	...e/nvim/lazy/noice.nvim/lua/noice/view/backend/notify.lua:199: in function <...e/nvim/lazy/noice.nvim/lua/noice/view/backend/notify.lua:176>
	[C]: in function 'xpcall'
	...local/share/nvim/lazy/noice.nvim/lua/noice/util/call.lua:149: in function 'try'
	...local/share/nvim/lazy/noice.nvim/lua/noice/view/init.lua:140: in function 'display'
	.../share/nvim/lazy/noice.nvim/lua/noice/message/router.lua:215: in function 'update'
	...ocal/share/nvim/lazy/noice.nvim/lua/noice/util/hacks.lua:166: in function <...ocal/share/nvim/lazy/noice.nvim/lua/noice/util/hacks.lua:154>
	[C]: in function 'pcall'
	...lingguang/.local/share/nvim/lazy/mini.ai/lua/mini/ai.lua:1855: in function 'user_textobject_id'
	...lingguang/.local/share/nvim/lazy/mini.ai/lua/mini/ai.lua:1184: in function <...lingguang/.local/share/nvim/lazy/mini.ai/lua/mini/ai.lua:1183>