[00:14:16.639][info] [#0:/home/lingguang/.local/share/nvim/mason/packages/lua-language-server/libexec/main.lua:66]: Lua Lsp startup, root: 	/home/lingguang/.local/share/nvim/mason/packages/lua-language-server/libexec
[00:14:16.641][info] [#0:/home/lingguang/.local/share/nvim/mason/packages/lua-language-server/libexec/main.lua:67]: ROOT:	/home/lingguang/.local/share/nvim/mason/packages/lua-language-server/libexec
[00:14:16.641][info] [#0:/home/lingguang/.local/share/nvim/mason/packages/lua-language-server/libexec/main.lua:68]: LOGPATH:	/home/lingguang/.local/share/nvim/mason/packages/lua-language-server/libexec/log
[00:14:16.641][info] [#0:/home/lingguang/.local/share/nvim/mason/packages/lua-language-server/libexec/main.lua:69]: METAPATH:	/home/lingguang/.local/share/nvim/mason/packages/lua-language-server/libexec/meta
[00:14:16.644][info] [#0:/home/lingguang/.local/share/nvim/mason/packages/lua-language-server/libexec/main.lua:70]: VERSION:	3.6.24
[00:14:16.715][info] [#0:script/service/service.lua:144]: 
========= Medical Examination Report =========
    --------------- Memory ---------------
        Total: 2.134 MB
        # 00 : 2.134 MB
        # 01 : 0.000 MB
        # 02 : 0.000 MB
        # 03 : 0.000 MB
        # 04 : 0.000 MB
    --------------- Coroutine ---------------
        Total:     0
        Running:   0
        Suspended: 0
        Normal:    0
        Dead:      0
    --------------- Cache ---------------
        Total: 1
        Dead:  0
    ---------------  RPC  ---------------
        Holdon:   0
        Waiting:  0
==============================================
[00:14:16.726][info] [#0:script/client.lua:657]: Client init	{
  capabilities = {
    textDocument = {
      callHierarchy = {
        dynamicRegistration = false
      },
      codeAction = {
        codeActionLiteralSupport = {
          codeActionKind = {
            valueSet = { "", "quickfix", "refactor", "refactor.extract", "refactor.inline", "refactor.rewrite", "source", "source.organizeImports" }
          }
        },
        dataSupport = true,
        dynamicRegistration = false,
        isPreferredSupport = true,
        resolveSupport = {
          properties = { "edit" }
        }
      },
      completion = {
        completionItem = {
          commitCharactersSupport = true,
          deprecatedSupport = true,
          documentationFormat = { "markdown", "plaintext" },
          insertReplaceSupport = true,
          insertTextModeSupport = {
            valueSet = { 1, 2 }
          },
          labelDetailsSupport = true,
          preselectSupport = true,
          resolveSupport = {
            properties = { "documentation", "detail", "additionalTextEdits", "sortText", "filterText", "insertText", "textEdit", "insertTextFormat", "insertTextMode" }
          },
          snippetSupport = true,
          tagSupport = {
            valueSet = { 1 }
          }
        },
        completionItemKind = {
          valueSet = { 1, 2, 3, 4, 5, 6, 7, 8, 9, 10, 11, 12, 13, 14, 15, 16, 17, 18, 19, 20, 21, 22, 23, 24, 25 }
        },
        completionList = {
          itemDefaults = { "commitCharacters", "editRange", "insertTextFormat", "insertTextMode", "data" }
        },
        contextSupport = true,
        dynamicRegistration = false,
        insertTextMode = 1
      },
      declaration = {
        linkSupport = true
      },
      definition = {
        linkSupport = true
      },
      documentHighlight = {
        dynamicRegistration = false
      },
      documentSymbol = {
        dynamicRegistration = false,
        hierarchicalDocumentSymbolSupport = true,
        symbolKind = {
          valueSet = { 1, 2, 3, 4, 5, 6, 7, 8, 9, 10, 11, 12, 13, 14, 15, 16, 17, 18, 19, 20, 21, 22, 23, 24, 25, 26 }
        }
      },
      hover = {
        contentFormat = { "markdown", "plaintext" },
        dynamicRegistration = false
      },
      implementation = {
        linkSupport = true
      },
      publishDiagnostics = {
        relatedInformation = true,
        tagSupport = {
          valueSet = { 1, 2 }
        }
      },
      references = {
        dynamicRegistration = false
      },
      rename = {
        dynamicRegistration = false,
        prepareSupport = true
      },
      semanticTokens = {
        augmentsSyntaxTokens = true,
        dynamicRegistration = false,
        formats = { "relative" },
        multilineTokenSupport = false,
        overlappingTokenSupport = true,
        requests = {
          full = {
            delta = true
          },
          range = false
        },
        serverCancelSupport = false,
        tokenModifiers = { "declaration", "definition", "readonly", "static", "deprecated", "abstract", "async", "modification", "documentation", "defaultLibrary" },
        tokenTypes = { "namespace", "type", "class", "enum", "interface", "struct", "typeParameter", "parameter", "variable", "property", "enumMember", "event", "function", "method", "macro", "keyword", "modifier", "comment", "string", "number", "regexp", "operator", "decorator" }
      },
      signatureHelp = {
        dynamicRegistration = false,
        signatureInformation = {
          activeParameterSupport = true,
          documentationFormat = { "markdown", "plaintext" },
          parameterInformation = {
            labelOffsetSupport = true
          }
        }
      },
      synchronization = {
        didSave = true,
        dynamicRegistration = false,
        willSave = true,
        willSaveWaitUntil = true
      },
      typeDefinition = {
        linkSupport = true
      }
    },
    window = {
      showDocument = {
        support = true
      },
      showMessage = {
        messageActionItem = {
          additionalPropertiesSupport = false
        }
      },
      workDoneProgress = true
    },
    workspace = {
      applyEdit = true,
      configuration = true,
      didChangeWatchedFiles = {
        dynamicRegistration = false,
        relativePatternSupport = true
      },
      semanticTokens = {
        refreshSupport = true
      },
      symbol = {
        dynamicRegistration = false,
        hierarchicalWorkspaceSymbolSupport = true,
        symbolKind = {
          valueSet = { 1, 2, 3, 4, 5, 6, 7, 8, 9, 10, 11, 12, 13, 14, 15, 16, 17, 18, 19, 20, 21, 22, 23, 24, 25, 26 }
        }
      },
      workspaceEdit = {
        resourceOperations = { "rename", "create", "delete" }
      },
      workspaceFolders = true
    }
  },
  clientInfo = {
    name = "Neovim",
    version = "0.9.1"
  },
  initializationOptions = {},
  processId = 61378,
  rootPath = "/home/lingguang/all/code/gitLib/MyVim-starter/lua/",
  rootUri = "file:///home/lingguang/all/code/gitLib/MyVim-starter/lua/",
  trace = "off",
  workspaceFolders = { {
      name = "/home/lingguang/all/code/gitLib/MyVim-starter/lua/",
      uri = "file:///home/lingguang/all/code/gitLib/MyVim-starter/lua/"
    } }
}
[00:14:16.727][info] [#0:script/language.lua:137]: VSC language: nil
[00:14:16.727][info] [#0:script/language.lua:138]: LS  language: en-us
[00:14:16.727][info] [#0:script/workspace/workspace.lua:38]: Workspace init root: 	file:///home/lingguang/all/code/gitLib/MyVim-starter/lua/
[00:14:16.727][info] [#0:script/workspace/workspace.lua:42]: Log path: 	/home/lingguang/.local/share/nvim/mason/packages/lua-language-server/libexec/log/file_home_lingguang_all_code_gitLib_MyVim-starter_lua_.log
[00:14:16.730][info] [#0:script/workspace/workspace.lua:48]: Workspace create: 	file:///home/lingguang/all/code/gitLib/MyVim-starter/lua/
[00:14:17.133][info] [#0:script/provider/provider.lua:46]: Load config from client	file:///home/lingguang/all/code/gitLib/MyVim-starter/lua/
[00:14:17.134][info] [#0:script/provider/provider.lua:47]: {
  Lua = {
    completion = {
      callSnippet = "Replace"
    },
    runtime = {
      path = { "?.lua", "?/init.lua" },
      pathStrict = true,
      version = "LuaJIT"
    },
    telemetry = {
      enable = false
    },
    workspace = {
      checkThirdParty = false,
      ignoreDir = { "types/nightly", "lua" },
      library = { "/home/lingguang/.local/share/nvim/lazy/neodev.nvim/types/stable", "/usr/share/nvim/runtime/lua", "/home/lingguang/all/code/gitLib/MyVim-starter/lua" }
    }
  }
}
[00:14:17.134][info] [#0:script/provider/provider.lua:46]: Load config from client	file:///home/lingguang/all/code/gitLib/MyVim-starter/lua/
[00:14:17.134][info] [#0:script/provider/provider.lua:47]: {
  Lua = {
    completion = {
      callSnippet = "Replace"
    },
    runtime = {
      path = { "?.lua", "?/init.lua" },
      pathStrict = true,
      version = "LuaJIT"
    },
    telemetry = {
      enable = false
    },
    workspace = {
      checkThirdParty = false,
      ignoreDir = { "types/nightly", "lua" },
      library = { "/home/lingguang/.local/share/nvim/lazy/neodev.nvim/types/stable", "/usr/share/nvim/runtime/lua", "/home/lingguang/all/code/gitLib/MyVim-starter/lua" }
    }
  }
}
[00:14:17.134][info] [#0:script/provider/provider.lua:46]: Load config from client	file:///home/lingguang/all/code/gitLib/MyVim-starter/lua/
[00:14:17.134][info] [#0:script/provider/provider.lua:47]: {
  Lua = {
    completion = {
      callSnippet = "Replace"
    },
    runtime = {
      path = { "?.lua", "?/init.lua" },
      pathStrict = true,
      version = "LuaJIT"
    },
    telemetry = {
      enable = false
    },
    workspace = {
      checkThirdParty = false,
      ignoreDir = { "types/nightly", "lua" },
      library = { "/home/lingguang/.local/share/nvim/lazy/neodev.nvim/types/stable", "/usr/share/nvim/runtime/lua", "/home/lingguang/all/code/gitLib/MyVim-starter/lua" }
    }
  }
}
[00:14:17.234][info] [#0:script/provider/provider.lua:61]: Load config from client	fallback
[00:14:17.235][info] [#0:script/provider/provider.lua:62]: {
  Lua = {
    completion = {
      callSnippet = "Replace"
    },
    runtime = {
      path = { "?.lua", "?/init.lua" },
      pathStrict = true,
      version = "LuaJIT"
    },
    telemetry = {
      enable = false
    },
    workspace = {
      checkThirdParty = false,
      ignoreDir = { "types/nightly", "lua" },
      library = { "/home/lingguang/.local/share/nvim/lazy/neodev.nvim/types/stable", "/usr/share/nvim/runtime/lua", "/home/lingguang/all/code/gitLib/MyVim-starter/lua" }
    }
  }
}
[00:14:17.235][info] [#0:script/provider/provider.lua:61]: Load config from client	fallback
[00:14:17.235][info] [#0:script/provider/provider.lua:62]: {
  Lua = {
    completion = {
      callSnippet = "Replace"
    },
    runtime = {
      path = { "?.lua", "?/init.lua" },
      pathStrict = true,
      version = "LuaJIT"
    },
    telemetry = {
      enable = false
    },
    workspace = {
      checkThirdParty = false,
      ignoreDir = { "types/nightly", "lua" },
      library = { "/home/lingguang/.local/share/nvim/lazy/neodev.nvim/types/stable", "/usr/share/nvim/runtime/lua", "/home/lingguang/all/code/gitLib/MyVim-starter/lua" }
    }
  }
}
[00:14:17.235][info] [#0:script/provider/provider.lua:61]: Load config from client	fallback
[00:14:17.235][info] [#0:script/provider/provider.lua:62]: {
  Lua = {
    completion = {
      callSnippet = "Replace"
    },
    runtime = {
      path = { "?.lua", "?/init.lua" },
      pathStrict = true,
      version = "LuaJIT"
    },
    telemetry = {
      enable = false
    },
    workspace = {
      checkThirdParty = false,
      ignoreDir = { "types/nightly", "lua" },
      library = { "/home/lingguang/.local/share/nvim/lazy/neodev.nvim/types/stable", "/usr/share/nvim/runtime/lua", "/home/lingguang/all/code/gitLib/MyVim-starter/lua" }
    }
  }
}
[00:14:17.336][info] [#0:script/library.lua:212]: Init builtin library at:	file:///home/lingguang/all/code/gitLib/MyVim-starter/lua/
[00:14:17.385][info] [#0:script/plugin.lua:86]: plugin path:	/home/lingguang/all/code/gitLib/MyVim-starter/lua
[00:14:17.385][warn] [#0:script/plugin.lua:101]: plugin not found:	/home/lingguang/all/code/gitLib/MyVim-starter/lua
[00:14:17.385][info] [#0:script/library.lua:212]: Init builtin library at:	nil
[00:14:17.501][info] [#0:script/workspace/workspace.lua:322]: Preload start:	file:///home/lingguang/all/code/gitLib/MyVim-starter/lua/
[00:14:17.506][info] [#0:script/workspace/workspace.lua:328]: Scan files at:	file:///home/lingguang/all/code/gitLib/MyVim-starter/lua/
[00:14:17.506][info] [#0:script/workspace/workspace.lua:322]: Preload start:	<fallback>
[00:14:17.509][info] [#0:script/workspace/workspace.lua:351]: Scan library at:	file:///home/lingguang/.local/share/nvim/mason/packages/lua-language-server/libexec/meta/LuaJIT%20en-us%20utf8/jit/util.lua
[00:14:17.509][info] [#0:script/workspace/workspace.lua:351]: Scan library at:	file:///home/lingguang/.local/share/nvim/mason/packages/lua-language-server/libexec/meta/LuaJIT%20en-us%20utf8/table/clear.lua
[00:14:17.509][info] [#0:script/workspace/workspace.lua:351]: Scan library at:	file:///home/lingguang/.local/share/nvim/mason/packages/lua-language-server/libexec/meta/LuaJIT%20en-us%20utf8/coroutine.lua
[00:14:17.509][info] [#0:script/workspace/workspace.lua:351]: Scan library at:	file:///home/lingguang/.local/share/nvim/mason/packages/lua-language-server/libexec/meta/LuaJIT%20en-us%20utf8/package.lua
[00:14:17.510][info] [#0:script/workspace/workspace.lua:351]: Scan library at:	file:///home/lingguang/.local/share/nvim/mason/packages/lua-language-server/libexec/meta/LuaJIT%20en-us%20utf8/os.lua
[00:14:17.510][info] [#0:script/workspace/workspace.lua:351]: Scan library at:	file:///home/lingguang/.local/share/nvim/mason/packages/lua-language-server/libexec/meta/LuaJIT%20en-us%20utf8/jit/util.lua
[00:14:17.510][info] [#0:script/workspace/workspace.lua:351]: Scan library at:	file:///home/lingguang/all/code/gitLib/MyVim-starter/lua
[00:14:17.510][info] [#0:script/workspace/workspace.lua:351]: Scan library at:	file:///home/lingguang/.local/share/nvim/mason/packages/lua-language-server/libexec/meta/LuaJIT%20en-us%20utf8/table/clear.lua
[00:14:17.510][info] [#0:script/workspace/workspace.lua:351]: Scan library at:	file:///home/lingguang/.local/share/nvim/mason/packages/lua-language-server/libexec/meta/LuaJIT%20en-us%20utf8/coroutine.lua
[00:14:17.510][info] [#0:script/workspace/workspace.lua:351]: Scan library at:	file:///home/lingguang/.local/share/nvim/mason/packages/lua-language-server/libexec/meta/LuaJIT%20en-us%20utf8/package.lua
[00:14:17.510][info] [#0:script/workspace/workspace.lua:351]: Scan library at:	file:///home/lingguang/.local/share/nvim/mason/packages/lua-language-server/libexec/meta/LuaJIT%20en-us%20utf8/os.lua
[00:14:17.510][info] [#0:script/workspace/workspace.lua:351]: Scan library at:	file:///home/lingguang/all/code/gitLib/MyVim-starter/lua
[00:14:17.510][info] [#0:script/workspace/workspace.lua:351]: Scan library at:	file:///home/lingguang/.local/share/nvim/mason/packages/lua-language-server/libexec/meta/LuaJIT%20en-us%20utf8/math.lua
[00:14:17.510][info] [#0:script/workspace/workspace.lua:351]: Scan library at:	file:///home/lingguang/.local/share/nvim/mason/packages/lua-language-server/libexec/meta/LuaJIT%20en-us%20utf8/jit/profile.lua
[00:14:17.511][info] [#0:script/workspace/workspace.lua:351]: Scan library at:	file:///home/lingguang/.local/share/nvim/mason/packages/lua-language-server/libexec/meta/LuaJIT%20en-us%20utf8/table.lua
[00:14:17.511][info] [#0:script/workspace/workspace.lua:351]: Scan library at:	file:///home/lingguang/.local/share/nvim/mason/packages/lua-language-server/libexec/meta/LuaJIT%20en-us%20utf8/bit.lua
[00:14:17.511][info] [#0:script/workspace/workspace.lua:351]: Scan library at:	file:///home/lingguang/.local/share/nvim/mason/packages/lua-language-server/libexec/meta/LuaJIT%20en-us%20utf8/ffi.lua
[00:14:17.511][info] [#0:script/workspace/workspace.lua:351]: Scan library at:	file:///home/lingguang/.local/share/nvim/mason/packages/lua-language-server/libexec/meta/LuaJIT%20en-us%20utf8/math.lua
[00:14:17.511][info] [#0:script/workspace/workspace.lua:351]: Scan library at:	file:///home/lingguang/.local/share/nvim/mason/packages/lua-language-server/libexec/meta/LuaJIT%20en-us%20utf8/table/new.lua
[00:14:17.511][info] [#0:script/workspace/workspace.lua:351]: Scan library at:	file:///home/lingguang/.local/share/nvim/mason/packages/lua-language-server/libexec/meta/LuaJIT%20en-us%20utf8/jit/profile.lua
[00:14:17.511][info] [#0:script/workspace/workspace.lua:351]: Scan library at:	file:///home/lingguang/.local/share/nvim/lazy/neodev.nvim/types/stable
[00:14:17.512][info] [#0:script/workspace/workspace.lua:351]: Scan library at:	file:///home/lingguang/.local/share/nvim/mason/packages/lua-language-server/libexec/meta/LuaJIT%20en-us%20utf8/table.lua
[00:14:17.512][info] [#0:script/workspace/workspace.lua:351]: Scan library at:	file:///home/lingguang/.local/share/nvim/mason/packages/lua-language-server/libexec/meta/LuaJIT%20en-us%20utf8/bit.lua
[00:14:17.512][info] [#0:script/workspace/workspace.lua:351]: Scan library at:	file:///home/lingguang/.local/share/nvim/mason/packages/lua-language-server/libexec/meta/LuaJIT%20en-us%20utf8/ffi.lua
[00:14:17.512][info] [#0:script/workspace/workspace.lua:351]: Scan library at:	file:///home/lingguang/.local/share/nvim/mason/packages/lua-language-server/libexec/meta/LuaJIT%20en-us%20utf8/table/new.lua
[00:14:17.512][info] [#0:script/workspace/workspace.lua:351]: Scan library at:	file:///home/lingguang/.local/share/nvim/lazy/neodev.nvim/types/stable
[00:14:17.513][info] [#0:script/workspace/workspace.lua:351]: Scan library at:	file:///home/lingguang/.local/share/nvim/mason/packages/lua-language-server/libexec/meta/LuaJIT%20en-us%20utf8/string/buffer.lua
[00:14:17.513][info] [#0:script/workspace/workspace.lua:351]: Scan library at:	file:///home/lingguang/.local/share/nvim/mason/packages/lua-language-server/libexec/meta/LuaJIT%20en-us%20utf8/basic.lua
[00:14:17.513][info] [#0:script/workspace/workspace.lua:351]: Scan library at:	file:///home/lingguang/.local/share/nvim/mason/packages/lua-language-server/libexec/meta/LuaJIT%20en-us%20utf8/io.lua
[00:14:17.513][info] [#0:script/workspace/workspace.lua:351]: Scan library at:	file:///home/lingguang/.local/share/nvim/mason/packages/lua-language-server/libexec/meta/LuaJIT%20en-us%20utf8/debug.lua
[00:14:17.513][info] [#0:script/workspace/workspace.lua:351]: Scan library at:	file:///home/lingguang/.local/share/nvim/mason/packages/lua-language-server/libexec/meta/LuaJIT%20en-us%20utf8/builtin.lua
[00:14:17.513][info] [#0:script/workspace/workspace.lua:351]: Scan library at:	file:///home/lingguang/.local/share/nvim/mason/packages/lua-language-server/libexec/meta/LuaJIT%20en-us%20utf8/string/buffer.lua
[00:14:17.513][info] [#0:script/workspace/workspace.lua:351]: Scan library at:	file:///home/lingguang/.local/share/nvim/mason/packages/lua-language-server/libexec/meta/LuaJIT%20en-us%20utf8/string.lua
[00:14:17.513][info] [#0:script/workspace/workspace.lua:351]: Scan library at:	file:///home/lingguang/.local/share/nvim/mason/packages/lua-language-server/libexec/meta/LuaJIT%20en-us%20utf8/basic.lua
[00:14:17.514][info] [#0:script/workspace/workspace.lua:351]: Scan library at:	file:///usr/share/nvim/runtime/lua
[00:14:17.516][info] [#0:script/workspace/workspace.lua:351]: Scan library at:	file:///home/lingguang/.local/share/nvim/mason/packages/lua-language-server/libexec/meta/LuaJIT%20en-us%20utf8/io.lua
[00:14:17.516][info] [#0:script/workspace/workspace.lua:351]: Scan library at:	file:///home/lingguang/.local/share/nvim/mason/packages/lua-language-server/libexec/meta/LuaJIT%20en-us%20utf8/debug.lua
[00:14:17.517][info] [#0:script/workspace/workspace.lua:351]: Scan library at:	file:///home/lingguang/.local/share/nvim/mason/packages/lua-language-server/libexec/meta/LuaJIT%20en-us%20utf8/builtin.lua
[00:14:17.517][info] [#0:script/workspace/workspace.lua:351]: Scan library at:	file:///home/lingguang/.local/share/nvim/mason/packages/lua-language-server/libexec/meta/LuaJIT%20en-us%20utf8/string.lua
[00:14:17.517][info] [#0:script/workspace/workspace.lua:351]: Scan library at:	file:///usr/share/nvim/runtime/lua
[00:14:17.520][info] [#0:script/workspace/workspace.lua:351]: Scan library at:	file:///home/lingguang/.local/share/nvim/mason/packages/lua-language-server/libexec/meta/LuaJIT%20en-us%20utf8/jit.lua
[00:14:17.521][info] [#0:script/workspace/workspace.lua:351]: Scan library at:	file:///home/lingguang/.local/share/nvim/mason/packages/lua-language-server/libexec/meta/LuaJIT%20en-us%20utf8/jit.lua
[00:14:17.621][info] [#0:script/workspace/workspace.lua:377]: Found 104 files at:	<fallback>
[00:14:17.621][info] [#0:script/workspace/loading.lua:161]: Load files from disk:	<fallback>
[00:14:17.622][info] [#0:script/workspace/workspace.lua:377]: Found 109 files at:	file:///home/lingguang/all/code/gitLib/MyVim-starter/lua/
[00:14:17.622][info] [#0:script/workspace/loading.lua:161]: Load files from disk:	file:///home/lingguang/all/code/gitLib/MyVim-starter/lua/
[00:14:17.623][info] [#0:script/workspace/loading.lua:101]: Preload file at: file:///home/lingguang/.local/share/nvim/mason/packages/lua-language-server/libexec/meta/LuaJIT%20en-us%20utf8/jit.lua , size = 0.884 KB
[00:14:17.627][info] [#0:script/workspace/loading.lua:113]: ++++As library of:	file:///home/lingguang/.local/share/nvim/mason/packages/lua-language-server/libexec/meta/LuaJIT%20en-us%20utf8/jit.lua
[00:14:17.627][info] [#0:script/workspace/loading.lua:98]: Skip loaded file: file:///home/lingguang/.local/share/nvim/mason/packages/lua-language-server/libexec/meta/LuaJIT%20en-us%20utf8/jit.lua
[00:14:17.627][info] [#0:script/workspace/loading.lua:101]: Preload file at: file:///usr/share/nvim/runtime/lua/man.lua , size = 25.082 KB
[00:14:17.649][info] [#0:script/workspace/loading.lua:113]: ++++As library of:	file:///usr/share/nvim/runtime/lua
[00:14:17.649][info] [#0:script/workspace/loading.lua:98]: Skip loaded file: file:///usr/share/nvim/runtime/lua/man.lua
[00:14:17.649][info] [#0:script/workspace/loading.lua:101]: Preload file at: file:///usr/share/nvim/runtime/lua/_vim9script.lua , size = 15.439 KB
[00:14:17.665][info] [#0:script/workspace/loading.lua:113]: ++++As library of:	file:///usr/share/nvim/runtime/lua
[00:14:17.665][info] [#0:script/workspace/loading.lua:101]: Preload file at: file:///usr/share/nvim/runtime/lua/vim/highlight.lua , size = 3.749 KB
[00:14:17.670][info] [#0:script/workspace/loading.lua:113]: ++++As library of:	file:///usr/share/nvim/runtime/lua
[00:14:17.670][info] [#0:script/workspace/loading.lua:98]: Skip loaded file: file:///usr/share/nvim/runtime/lua/vim/highlight.lua
[00:14:17.670][info] [#0:script/workspace/loading.lua:98]: Skip loaded file: file:///usr/share/nvim/runtime/lua/_vim9script.lua
[00:14:17.670][info] [#0:script/workspace/loading.lua:101]: Preload file at: file:///usr/share/nvim/runtime/lua/vim/diagnostic.lua , size = 56.640 KB
[00:14:17.714][info] [#0:script/workspace/loading.lua:113]: ++++As library of:	file:///usr/share/nvim/runtime/lua
[00:14:17.715][info] [#0:script/workspace/loading.lua:98]: Skip loaded file: file:///usr/share/nvim/runtime/lua/vim/diagnostic.lua
[00:14:17.715][info] [#0:script/workspace/loading.lua:101]: Preload file at: file:///usr/share/nvim/runtime/lua/vim/_inspector.lua , size = 7.915 KB
[00:14:17.729][info] [#0:script/workspace/loading.lua:113]: ++++As library of:	file:///usr/share/nvim/runtime/lua
[00:14:17.729][info] [#0:script/workspace/loading.lua:98]: Skip loaded file: file:///usr/share/nvim/runtime/lua/vim/_inspector.lua
[00:14:17.730][info] [#0:script/workspace/loading.lua:101]: Preload file at: file:///usr/share/nvim/runtime/lua/vim/_editor.lua , size = 29.339 KB
[00:14:17.772][info] [#0:script/workspace/loading.lua:113]: ++++As library of:	file:///usr/share/nvim/runtime/lua
[00:14:17.772][info] [#0:script/workspace/loading.lua:98]: Skip loaded file: file:///usr/share/nvim/runtime/lua/vim/_editor.lua
[00:14:17.772][info] [#0:script/workspace/loading.lua:101]: Preload file at: file:///usr/share/nvim/runtime/lua/vim/loader.lua , size = 16.182 KB
[00:14:17.793][info] [#0:script/workspace/loading.lua:113]: ++++As library of:	file:///usr/share/nvim/runtime/lua
[00:14:17.793][info] [#0:script/workspace/loading.lua:98]: Skip loaded file: file:///usr/share/nvim/runtime/lua/vim/loader.lua
[00:14:17.793][info] [#0:script/workspace/loading.lua:101]: Preload file at: file:///usr/share/nvim/runtime/lua/vim/version.lua , size = 12.146 KB
[00:14:17.814][info] [#0:script/workspace/loading.lua:113]: ++++As library of:	file:///usr/share/nvim/runtime/lua
[00:14:17.815][info] [#0:script/workspace/loading.lua:98]: Skip loaded file: file:///usr/share/nvim/runtime/lua/vim/version.lua
[00:14:17.815][info] [#0:script/workspace/loading.lua:101]: Preload file at: file:///usr/share/nvim/runtime/lua/vim/_init_packages.lua , size = 2.773 KB
[00:14:17.820][info] [#0:script/workspace/loading.lua:113]: ++++As library of:	file:///usr/share/nvim/runtime/lua
[00:14:17.820][info] [#0:script/workspace/loading.lua:98]: Skip loaded file: file:///usr/share/nvim/runtime/lua/vim/_init_packages.lua
[00:14:17.820][info] [#0:script/workspace/loading.lua:101]: Preload file at: file:///usr/share/nvim/runtime/lua/vim/uri.lua , size = 3.376 KB
[00:14:17.827][info] [#0:script/workspace/loading.lua:113]: ++++As library of:	file:///usr/share/nvim/runtime/lua
[00:14:17.827][info] [#0:script/workspace/loading.lua:98]: Skip loaded file: file:///usr/share/nvim/runtime/lua/vim/uri.lua
[00:14:17.828][info] [#0:script/workspace/loading.lua:101]: Preload file at: file:///usr/share/nvim/runtime/lua/vim/filetype.lua , size = 74.400 KB
[00:14:17.902][info] [#0:script/workspace/loading.lua:113]: ++++As library of:	file:///usr/share/nvim/runtime/lua
[00:14:17.902][info] [#0:script/workspace/loading.lua:98]: Skip loaded file: file:///usr/share/nvim/runtime/lua/vim/filetype.lua
[00:14:17.902][info] [#0:script/workspace/loading.lua:101]: Preload file at: file:///usr/share/nvim/runtime/lua/vim/health.lua , size = 1.782 KB
[00:14:17.903][info] [#0:script/workspace/loading.lua:113]: ++++As library of:	file:///usr/share/nvim/runtime/lua
[00:14:17.903][info] [#0:script/workspace/loading.lua:98]: Skip loaded file: file:///usr/share/nvim/runtime/lua/vim/health.lua
[00:14:17.903][info] [#0:script/workspace/loading.lua:101]: Preload file at: file:///usr/share/nvim/runtime/lua/vim/lsp/buf.lua , size = 27.860 KB
[00:14:17.931][info] [#0:script/workspace/loading.lua:113]: ++++As library of:	file:///usr/share/nvim/runtime/lua
[00:14:17.932][info] [#0:script/workspace/loading.lua:98]: Skip loaded file: file:///usr/share/nvim/runtime/lua/vim/lsp/buf.lua
[00:14:17.932][info] [#0:script/workspace/loading.lua:101]: Preload file at: file:///usr/share/nvim/runtime/lua/vim/lsp/diagnostic.lua , size = 8.867 KB
[00:14:17.948][info] [#0:script/workspace/loading.lua:113]: ++++As library of:	file:///usr/share/nvim/runtime/lua
[00:14:17.948][info] [#0:script/workspace/loading.lua:98]: Skip loaded file: file:///usr/share/nvim/runtime/lua/vim/lsp/diagnostic.lua
[00:14:17.948][info] [#0:script/workspace/loading.lua:101]: Preload file at: file:///usr/share/nvim/runtime/lua/vim/lsp/tagfunc.lua , size = 2.339 KB
[00:14:17.953][info] [#0:script/workspace/loading.lua:113]: ++++As library of:	file:///usr/share/nvim/runtime/lua
[00:14:17.953][info] [#0:script/workspace/loading.lua:98]: Skip loaded file: file:///usr/share/nvim/runtime/lua/vim/lsp/tagfunc.lua
[00:14:17.954][info] [#0:script/workspace/loading.lua:101]: Preload file at: file:///usr/share/nvim/runtime/lua/vim/lsp/codelens.lua , size = 8.261 KB
[00:14:17.968][info] [#0:script/workspace/loading.lua:113]: ++++As library of:	file:///usr/share/nvim/runtime/lua
[00:14:17.969][info] [#0:script/workspace/loading.lua:98]: Skip loaded file: file:///usr/share/nvim/runtime/lua/vim/lsp/codelens.lua
[00:14:17.969][info] [#0:script/workspace/loading.lua:101]: Preload file at: file:///usr/share/nvim/runtime/lua/vim/lsp/_snippet.lua , size = 10.744 KB
[00:14:17.985][info] [#0:script/workspace/loading.lua:113]: ++++As library of:	file:///usr/share/nvim/runtime/lua
[00:14:17.985][info] [#0:script/workspace/loading.lua:98]: Skip loaded file: file:///usr/share/nvim/runtime/lua/vim/lsp/_snippet.lua
[00:14:17.985][info] [#0:script/workspace/loading.lua:101]: Preload file at: file:///usr/share/nvim/runtime/lua/vim/lsp/rpc.lua , size = 23.695 KB
[00:14:18.014][info] [#0:script/workspace/loading.lua:113]: ++++As library of:	file:///usr/share/nvim/runtime/lua
[00:14:18.015][info] [#0:script/workspace/loading.lua:98]: Skip loaded file: file:///usr/share/nvim/runtime/lua/vim/lsp/rpc.lua
[00:14:18.015][info] [#0:script/workspace/loading.lua:101]: Preload file at: file:///usr/share/nvim/runtime/lua/vim/lsp/semantic_tokens.lua , size = 25.936 KB
[00:14:18.044][info] [#0:script/workspace/loading.lua:113]: ++++As library of:	file:///usr/share/nvim/runtime/lua
[00:14:18.044][info] [#0:script/workspace/loading.lua:98]: Skip loaded file: file:///usr/share/nvim/runtime/lua/vim/lsp/semantic_tokens.lua
[00:14:18.044][info] [#0:script/workspace/loading.lua:101]: Preload file at: file:///usr/share/nvim/runtime/lua/vim/lsp/health.lua , size = 1.240 KB
[00:14:18.045][info] [#0:script/workspace/loading.lua:113]: ++++As library of:	file:///usr/share/nvim/runtime/lua
[00:14:18.045][info] [#0:script/workspace/loading.lua:98]: Skip loaded file: file:///usr/share/nvim/runtime/lua/vim/lsp/health.lua
[00:14:18.045][info] [#0:script/workspace/loading.lua:101]: Preload file at: file:///usr/share/nvim/runtime/lua/vim/lsp/util.lua , size = 70.764 KB
[00:14:18.140][info] [#0:script/workspace/loading.lua:113]: ++++As library of:	file:///usr/share/nvim/runtime/lua
[00:14:18.141][info] [#0:script/workspace/loading.lua:98]: Skip loaded file: file:///usr/share/nvim/runtime/lua/vim/lsp/util.lua
[00:14:18.141][info] [#0:script/workspace/loading.lua:101]: Preload file at: file:///usr/share/nvim/runtime/lua/vim/lsp/types.lua , size = 0.924 KB
[00:14:18.146][info] [#0:script/workspace/loading.lua:113]: ++++As library of:	file:///usr/share/nvim/runtime/lua
[00:14:18.146][info] [#0:script/workspace/loading.lua:98]: Skip loaded file: file:///usr/share/nvim/runtime/lua/vim/lsp/types.lua
[00:14:18.146][info] [#0:script/workspace/loading.lua:101]: Preload file at: file:///usr/share/nvim/runtime/lua/vim/lsp/protocol.lua , size = 28.367 KB
[00:14:18.169][info] [#0:script/workspace/loading.lua:113]: ++++As library of:	file:///usr/share/nvim/runtime/lua
[00:14:18.170][info] [#0:script/workspace/loading.lua:98]: Skip loaded file: file:///usr/share/nvim/runtime/lua/vim/lsp/protocol.lua
[00:14:18.170][info] [#0:script/workspace/loading.lua:101]: Preload file at: file:///usr/share/nvim/runtime/lua/vim/lsp/log.lua , size = 5.151 KB
[00:14:18.180][info] [#0:script/workspace/loading.lua:113]: ++++As library of:	file:///usr/share/nvim/runtime/lua
[00:14:18.180][info] [#0:script/workspace/loading.lua:98]: Skip loaded file: file:///usr/share/nvim/runtime/lua/vim/lsp/log.lua
[00:14:18.180][info] [#0:script/workspace/loading.lua:101]: Preload file at: file:///usr/share/nvim/runtime/lua/vim/lsp/_watchfiles.lua , size = 9.620 KB
[00:14:18.197][info] [#0:script/workspace/loading.lua:113]: ++++As library of:	file:///usr/share/nvim/runtime/lua
[00:14:18.197][info] [#0:script/workspace/loading.lua:98]: Skip loaded file: file:///usr/share/nvim/runtime/lua/vim/lsp/_watchfiles.lua
[00:14:18.197][info] [#0:script/workspace/loading.lua:101]: Preload file at: file:///usr/share/nvim/runtime/lua/vim/lsp/handlers.lua , size = 23.587 KB
[00:14:18.230][info] [#0:script/workspace/loading.lua:113]: ++++As library of:	file:///usr/share/nvim/runtime/lua
[00:14:18.231][info] [#0:script/workspace/loading.lua:98]: Skip loaded file: file:///usr/share/nvim/runtime/lua/vim/lsp/handlers.lua
[00:14:18.231][info] [#0:script/workspace/loading.lua:101]: Preload file at: file:///usr/share/nvim/runtime/lua/vim/lsp/sync.lua , size = 15.681 KB
[00:14:18.251][info] [#0:script/workspace/loading.lua:113]: ++++As library of:	file:///usr/share/nvim/runtime/lua
[00:14:18.251][info] [#0:script/workspace/loading.lua:98]: Skip loaded file: file:///usr/share/nvim/runtime/lua/vim/lsp/sync.lua
[00:14:18.251][info] [#0:script/workspace/loading.lua:101]: Preload file at: file:///usr/share/nvim/runtime/lua/vim/_watch.lua , size = 5.387 KB
[00:14:18.261][info] [#0:script/workspace/loading.lua:113]: ++++As library of:	file:///usr/share/nvim/runtime/lua
[00:14:18.261][info] [#0:script/workspace/loading.lua:98]: Skip loaded file: file:///usr/share/nvim/runtime/lua/vim/_watch.lua
[00:14:18.261][info] [#0:script/workspace/loading.lua:101]: Preload file at: file:///usr/share/nvim/runtime/lua/vim/_meta.lua , size = 12.077 KB
[00:14:18.282][info] [#0:script/workspace/loading.lua:113]: ++++As library of:	file:///usr/share/nvim/runtime/lua
[00:14:18.282][info] [#0:script/workspace/loading.lua:98]: Skip loaded file: file:///usr/share/nvim/runtime/lua/vim/_meta.lua
[00:14:18.283][info] [#0:script/workspace/loading.lua:101]: Preload file at: file:///usr/share/nvim/runtime/lua/vim/F.lua , size = 0.824 KB
[00:14:18.285][info] [#0:script/workspace/loading.lua:113]: ++++As library of:	file:///usr/share/nvim/runtime/lua
[00:14:18.285][info] [#0:script/workspace/loading.lua:98]: Skip loaded file: file:///usr/share/nvim/runtime/lua/vim/F.lua
[00:14:18.285][info] [#0:script/workspace/loading.lua:101]: Preload file at: file:///usr/share/nvim/runtime/lua/vim/inspect.lua , size = 8.864 KB
[00:14:18.301][info] [#0:script/workspace/loading.lua:113]: ++++As library of:	file:///usr/share/nvim/runtime/lua
[00:14:18.301][info] [#0:script/workspace/loading.lua:98]: Skip loaded file: file:///usr/share/nvim/runtime/lua/vim/inspect.lua
[00:14:18.302][info] [#0:script/workspace/loading.lua:101]: Preload file at: file:///usr/share/nvim/runtime/lua/vim/keymap.lua , size = 3.573 KB
[00:14:18.324][info] [#0:script/workspace/loading.lua:113]: ++++As library of:	file:///usr/share/nvim/runtime/lua
[00:14:18.324][info] [#0:script/workspace/loading.lua:98]: Skip loaded file: file:///usr/share/nvim/runtime/lua/vim/keymap.lua
[00:14:18.324][info] [#0:script/workspace/loading.lua:101]: Preload file at: file:///usr/share/nvim/runtime/lua/vim/secure.lua , size = 4.830 KB
[00:14:18.327][info] [#0:script/workspace/loading.lua:113]: ++++As library of:	file:///usr/share/nvim/runtime/lua
[00:14:18.327][info] [#0:script/workspace/loading.lua:98]: Skip loaded file: file:///usr/share/nvim/runtime/lua/vim/secure.lua
[00:14:18.327][info] [#0:script/workspace/loading.lua:101]: Preload file at: file:///usr/share/nvim/runtime/lua/vim/treesitter/_range.lua , size = 3.646 KB
[00:14:18.331][info] [#0:script/workspace/loading.lua:113]: ++++As library of:	file:///usr/share/nvim/runtime/lua
[00:14:18.331][info] [#0:script/workspace/loading.lua:98]: Skip loaded file: file:///usr/share/nvim/runtime/lua/vim/treesitter/_range.lua
[00:14:18.331][info] [#0:script/workspace/loading.lua:101]: Preload file at: file:///usr/share/nvim/runtime/lua/vim/treesitter/highlighter.lua , size = 8.781 KB
[00:14:18.337][info] [#0:script/workspace/loading.lua:113]: ++++As library of:	file:///usr/share/nvim/runtime/lua
[00:14:18.337][info] [#0:script/workspace/loading.lua:98]: Skip loaded file: file:///usr/share/nvim/runtime/lua/vim/treesitter/highlighter.lua
[00:14:18.337][info] [#0:script/workspace/loading.lua:101]: Preload file at: file:///usr/share/nvim/runtime/lua/vim/treesitter/playground.lua , size = 12.551 KB
[00:14:18.344][info] [#0:script/workspace/loading.lua:113]: ++++As library of:	file:///usr/share/nvim/runtime/lua
[00:14:18.344][info] [#0:script/workspace/loading.lua:98]: Skip loaded file: file:///usr/share/nvim/runtime/lua/vim/treesitter/playground.lua
[00:14:18.344][info] [#0:script/workspace/loading.lua:101]: Preload file at: file:///usr/share/nvim/runtime/lua/vim/treesitter/health.lua , size = 0.888 KB
[00:14:18.345][info] [#0:script/workspace/loading.lua:113]: ++++As library of:	file:///usr/share/nvim/runtime/lua
[00:14:18.345][info] [#0:script/workspace/loading.lua:98]: Skip loaded file: file:///usr/share/nvim/runtime/lua/vim/treesitter/health.lua
[00:14:18.345][info] [#0:script/workspace/loading.lua:101]: Preload file at: file:///usr/share/nvim/runtime/lua/vim/treesitter/_meta.lua , size = 2.839 KB
[00:14:18.348][info] [#0:script/workspace/loading.lua:113]: ++++As library of:	file:///usr/share/nvim/runtime/lua
[00:14:18.348][info] [#0:script/workspace/loading.lua:98]: Skip loaded file: file:///usr/share/nvim/runtime/lua/vim/treesitter/_meta.lua
[00:14:18.348][info] [#0:script/workspace/loading.lua:101]: Preload file at: file:///usr/share/nvim/runtime/lua/vim/treesitter/query.lua , size = 21.253 KB
[00:14:18.360][info] [#0:script/workspace/loading.lua:113]: ++++As library of:	file:///usr/share/nvim/runtime/lua
[00:14:18.360][info] [#0:script/workspace/loading.lua:98]: Skip loaded file: file:///usr/share/nvim/runtime/lua/vim/treesitter/query.lua
[00:14:18.361][info] [#0:script/workspace/loading.lua:101]: Preload file at: file:///usr/share/nvim/runtime/lua/vim/treesitter/_fold.lua , size = 8.207 KB
[00:14:18.369][info] [#0:script/workspace/loading.lua:113]: ++++As library of:	file:///usr/share/nvim/runtime/lua
[00:14:18.369][info] [#0:script/workspace/loading.lua:98]: Skip loaded file: file:///usr/share/nvim/runtime/lua/vim/treesitter/_fold.lua
[00:14:18.369][info] [#0:script/workspace/loading.lua:101]: Preload file at: file:///usr/share/nvim/runtime/lua/vim/treesitter/languagetree.lua , size = 27.167 KB
[00:14:18.399][info] [#0:script/workspace/loading.lua:113]: ++++As library of:	file:///usr/share/nvim/runtime/lua
[00:14:18.400][info] [#0:script/workspace/loading.lua:98]: Skip loaded file: file:///usr/share/nvim/runtime/lua/vim/treesitter/languagetree.lua
[00:14:18.400][info] [#0:script/workspace/loading.lua:101]: Preload file at: file:///usr/share/nvim/runtime/lua/vim/treesitter/language.lua , size = 3.528 KB
[00:14:18.407][info] [#0:script/workspace/loading.lua:113]: ++++As library of:	file:///usr/share/nvim/runtime/lua
[00:14:18.407][info] [#0:script/workspace/loading.lua:98]: Skip loaded file: file:///usr/share/nvim/runtime/lua/vim/treesitter/language.lua
[00:14:18.407][info] [#0:script/workspace/loading.lua:101]: Preload file at: file:///usr/share/nvim/runtime/lua/vim/treesitter.lua , size = 15.225 KB
[00:14:18.436][info] [#0:script/workspace/loading.lua:113]: ++++As library of:	file:///usr/share/nvim/runtime/lua
[00:14:18.436][info] [#0:script/workspace/loading.lua:98]: Skip loaded file: file:///usr/share/nvim/runtime/lua/vim/treesitter.lua
[00:14:18.437][info] [#0:script/workspace/loading.lua:101]: Preload file at: file:///usr/share/nvim/runtime/lua/vim/filetype/detect.lua , size = 47.659 KB
[00:14:18.502][info] [#0:script/workspace/loading.lua:113]: ++++As library of:	file:///usr/share/nvim/runtime/lua
[00:14:18.503][info] [#0:script/workspace/loading.lua:98]: Skip loaded file: file:///usr/share/nvim/runtime/lua/vim/filetype/detect.lua
[00:14:18.503][info] [#0:script/workspace/loading.lua:101]: Preload file at: file:///usr/share/nvim/runtime/lua/vim/filetype/options.lua , size = 2.561 KB
[00:14:18.508][info] [#0:script/workspace/loading.lua:113]: ++++As library of:	file:///usr/share/nvim/runtime/lua
[00:14:18.508][info] [#0:script/workspace/loading.lua:98]: Skip loaded file: file:///usr/share/nvim/runtime/lua/vim/filetype/options.lua
[00:14:18.509][info] [#0:script/workspace/loading.lua:101]: Preload file at: file:///usr/share/nvim/runtime/lua/vim/lsp.lua , size = 82.409 KB
[00:14:18.606][info] [#0:script/workspace/loading.lua:113]: ++++As library of:	file:///usr/share/nvim/runtime/lua
[00:14:18.606][info] [#0:script/workspace/loading.lua:101]: Preload file at: file:///usr/share/nvim/runtime/lua/vim/ui.lua , size = 3.672 KB
[00:14:18.612][info] [#0:script/workspace/loading.lua:113]: ++++As library of:	file:///usr/share/nvim/runtime/lua
[00:14:18.612][info] [#0:script/workspace/loading.lua:98]: Skip loaded file: file:///usr/share/nvim/runtime/lua/vim/ui.lua
[00:14:18.612][info] [#0:script/workspace/loading.lua:101]: Preload file at: file:///usr/share/nvim/runtime/lua/vim/fs.lua , size = 10.662 KB
[00:14:18.629][info] [#0:script/workspace/loading.lua:113]: ++++As library of:	file:///usr/share/nvim/runtime/lua
[00:14:18.629][info] [#0:script/workspace/loading.lua:98]: Skip loaded file: file:///usr/share/nvim/runtime/lua/vim/fs.lua
[00:14:18.629][info] [#0:script/workspace/loading.lua:98]: Skip loaded file: file:///usr/share/nvim/runtime/lua/vim/lsp.lua
[00:14:18.630][info] [#0:script/workspace/loading.lua:101]: Preload file at: file:///usr/share/nvim/runtime/lua/vim/shared.lua , size = 22.292 KB
[00:14:18.682][info] [#0:script/workspace/loading.lua:113]: ++++As library of:	file:///usr/share/nvim/runtime/lua
[00:14:18.682][info] [#0:script/workspace/loading.lua:98]: Skip loaded file: file:///usr/share/nvim/runtime/lua/vim/shared.lua
[00:14:18.682][info] [#0:script/workspace/loading.lua:101]: Preload file at: file:///usr/share/nvim/runtime/lua/editorconfig.lua , size = 6.716 KB
[00:14:18.687][info] [#0:script/workspace/loading.lua:113]: ++++As library of:	file:///usr/share/nvim/runtime/lua
[00:14:18.687][info] [#0:script/workspace/loading.lua:98]: Skip loaded file: file:///usr/share/nvim/runtime/lua/editorconfig.lua
[00:14:18.687][info] [#0:script/workspace/loading.lua:101]: Preload file at: file:///usr/share/nvim/runtime/lua/nvim/health.lua , size = 12.706 KB
[00:14:18.693][info] [#0:script/workspace/loading.lua:113]: ++++As library of:	file:///usr/share/nvim/runtime/lua
[00:14:18.693][info] [#0:script/workspace/loading.lua:98]: Skip loaded file: file:///usr/share/nvim/runtime/lua/nvim/health.lua
[00:14:18.693][info] [#0:script/workspace/loading.lua:101]: Preload file at: file:///usr/share/nvim/runtime/lua/jit/dis_arm64.lua , size = 30.163 KB
[00:14:18.711][info] [#0:script/workspace/loading.lua:113]: ++++As library of:	file:///usr/share/nvim/runtime/lua
[00:14:18.712][info] [#0:script/workspace/loading.lua:98]: Skip loaded file: file:///usr/share/nvim/runtime/lua/jit/dis_arm64.lua
[00:14:18.712][info] [#0:script/workspace/loading.lua:101]: Preload file at: file:///usr/share/nvim/runtime/lua/jit/dump.lua , size = 20.201 KB
[00:14:18.725][info] [#0:script/workspace/loading.lua:113]: ++++As library of:	file:///usr/share/nvim/runtime/lua
[00:14:18.725][info] [#0:script/workspace/loading.lua:98]: Skip loaded file: file:///usr/share/nvim/runtime/lua/jit/dump.lua
[00:14:18.725][info] [#0:script/workspace/loading.lua:101]: Preload file at: file:///usr/share/nvim/runtime/lua/jit/p.lua , size = 8.962 KB
[00:14:18.730][info] [#0:script/workspace/loading.lua:113]: ++++As library of:	file:///usr/share/nvim/runtime/lua
[00:14:18.730][info] [#0:script/workspace/loading.lua:98]: Skip loaded file: file:///usr/share/nvim/runtime/lua/jit/p.lua
[00:14:18.730][info] [#0:script/workspace/loading.lua:101]: Preload file at: file:///usr/share/nvim/runtime/lua/jit/dis_mips.lua , size = 21.494 KB
[00:14:18.741][info] [#0:script/workspace/loading.lua:113]: ++++As library of:	file:///usr/share/nvim/runtime/lua
[00:14:18.741][info] [#0:script/workspace/loading.lua:98]: Skip loaded file: file:///usr/share/nvim/runtime/lua/jit/dis_mips.lua
[00:14:18.741][info] [#0:script/workspace/loading.lua:101]: Preload file at: file:///usr/share/nvim/runtime/lua/jit/dis_arm.lua , size = 18.891 KB
[00:14:18.773][info] [#0:script/workspace/loading.lua:113]: ++++As library of:	file:///usr/share/nvim/runtime/lua
[00:14:18.773][info] [#0:script/workspace/loading.lua:101]: Preload file at: file:///usr/share/nvim/runtime/lua/jit/v.lua , size = 5.647 KB
[00:14:18.781][info] [#0:script/workspace/loading.lua:113]: ++++As library of:	file:///usr/share/nvim/runtime/lua
[00:14:18.781][info] [#0:script/workspace/loading.lua:98]: Skip loaded file: file:///usr/share/nvim/runtime/lua/jit/v.lua
[00:14:18.781][info] [#0:script/workspace/loading.lua:98]: Skip loaded file: file:///usr/share/nvim/runtime/lua/jit/dis_arm.lua
[00:14:18.781][info] [#0:script/workspace/loading.lua:101]: Preload file at: file:///usr/share/nvim/runtime/lua/jit/bcsave.lua , size = 19.096 KB
[00:14:18.811][info] [#0:script/workspace/loading.lua:113]: ++++As library of:	file:///usr/share/nvim/runtime/lua
[00:14:18.811][info] [#0:script/workspace/loading.lua:101]: Preload file at: file:///usr/share/nvim/runtime/lua/jit/bc.lua , size = 5.488 KB
[00:14:18.822][info] [#0:script/workspace/loading.lua:113]: ++++As library of:	file:///usr/share/nvim/runtime/lua
[00:14:18.822][info] [#0:script/workspace/loading.lua:98]: Skip loaded file: file:///usr/share/nvim/runtime/lua/jit/bc.lua
[00:14:18.822][info] [#0:script/workspace/loading.lua:98]: Skip loaded file: file:///usr/share/nvim/runtime/lua/jit/bcsave.lua
[00:14:18.822][info] [#0:script/workspace/loading.lua:101]: Preload file at: file:///usr/share/nvim/runtime/lua/jit/vmdef.lua , size = 7.823 KB
[00:14:18.832][info] [#0:script/workspace/loading.lua:113]: ++++As library of:	file:///usr/share/nvim/runtime/lua
[00:14:18.832][info] [#0:script/workspace/loading.lua:98]: Skip loaded file: file:///usr/share/nvim/runtime/lua/jit/vmdef.lua
[00:14:18.832][info] [#0:script/workspace/loading.lua:101]: Preload file at: file:///usr/share/nvim/runtime/lua/jit/dis_mips64el.lua , size = 0.700 KB
[00:14:18.833][info] [#0:script/workspace/loading.lua:113]: ++++As library of:	file:///usr/share/nvim/runtime/lua
[00:14:18.833][info] [#0:script/workspace/loading.lua:98]: Skip loaded file: file:///usr/share/nvim/runtime/lua/jit/dis_mips64el.lua
[00:14:18.833][info] [#0:script/workspace/loading.lua:101]: Preload file at: file:///usr/share/nvim/runtime/lua/jit/dis_x64.lua , size = 0.695 KB
[00:14:18.834][info] [#0:script/workspace/loading.lua:113]: ++++As library of:	file:///usr/share/nvim/runtime/lua
[00:14:18.834][info] [#0:script/workspace/loading.lua:98]: Skip loaded file: file:///usr/share/nvim/runtime/lua/jit/dis_x64.lua
[00:14:18.834][info] [#0:script/workspace/loading.lua:101]: Preload file at: file:///usr/share/nvim/runtime/lua/jit/zone.lua , size = 0.979 KB
[00:14:18.836][info] [#0:script/workspace/loading.lua:113]: ++++As library of:	file:///usr/share/nvim/runtime/lua
[00:14:18.836][info] [#0:script/workspace/loading.lua:98]: Skip loaded file: file:///usr/share/nvim/runtime/lua/jit/zone.lua
[00:14:18.836][info] [#0:script/workspace/loading.lua:101]: Preload file at: file:///usr/share/nvim/runtime/lua/jit/dis_arm64be.lua , size = 0.604 KB
[00:14:18.838][info] [#0:script/workspace/loading.lua:113]: ++++As library of:	file:///usr/share/nvim/runtime/lua
[00:14:18.838][info] [#0:script/workspace/loading.lua:98]: Skip loaded file: file:///usr/share/nvim/runtime/lua/jit/dis_arm64be.lua
[00:14:18.838][info] [#0:script/workspace/loading.lua:101]: Preload file at: file:///usr/share/nvim/runtime/lua/jit/dis_mipsel.lua , size = 0.698 KB
[00:14:18.839][info] [#0:script/workspace/loading.lua:113]: ++++As library of:	file:///usr/share/nvim/runtime/lua
[00:14:18.839][info] [#0:script/workspace/loading.lua:98]: Skip loaded file: file:///usr/share/nvim/runtime/lua/jit/dis_mipsel.lua
[00:14:18.840][info] [#0:script/workspace/loading.lua:101]: Preload file at: file:///usr/share/nvim/runtime/lua/jit/dis_x86.lua , size = 33.033 KB
[00:14:18.904][info] [#0:script/workspace/loading.lua:113]: ++++As library of:	file:///usr/share/nvim/runtime/lua
[00:14:18.905][info] [#0:script/workspace/loading.lua:101]: Preload file at: file:///usr/share/nvim/runtime/lua/jit/dis_mips64.lua , size = 0.689 KB
[00:14:18.907][info] [#0:script/workspace/loading.lua:113]: ++++As library of:	file:///usr/share/nvim/runtime/lua
[00:14:18.907][info] [#0:script/workspace/loading.lua:98]: Skip loaded file: file:///usr/share/nvim/runtime/lua/jit/dis_mips64.lua
[00:14:18.908][info] [#0:script/workspace/loading.lua:98]: Skip loaded file: file:///usr/share/nvim/runtime/lua/jit/dis_x86.lua
[00:14:18.908][info] [#0:script/workspace/loading.lua:101]: Preload file at: file:///usr/share/nvim/runtime/lua/jit/dis_ppc.lua , size = 19.825 KB
[00:14:18.955][info] [#0:script/workspace/loading.lua:113]: ++++As library of:	file:///usr/share/nvim/runtime/lua
[00:14:18.955][info] [#0:script/workspace/loading.lua:98]: Skip loaded file: file:///usr/share/nvim/runtime/lua/jit/dis_ppc.lua
[00:14:18.955][info] [#0:script/workspace/loading.lua:101]: Preload file at: file:///home/lingguang/.local/share/nvim/mason/packages/lua-language-server/libexec/meta/LuaJIT%20en-us%20utf8/string.lua , size = 6.296 KB
[00:14:18.972][info] [#0:script/workspace/loading.lua:113]: ++++As library of:	file:///home/lingguang/.local/share/nvim/mason/packages/lua-language-server/libexec/meta/LuaJIT%20en-us%20utf8/string.lua
[00:14:18.972][info] [#0:script/workspace/loading.lua:98]: Skip loaded file: file:///home/lingguang/.local/share/nvim/mason/packages/lua-language-server/libexec/meta/LuaJIT%20en-us%20utf8/string.lua
[00:14:18.972][info] [#0:script/workspace/loading.lua:101]: Preload file at: file:///home/lingguang/.local/share/nvim/mason/packages/lua-language-server/libexec/meta/LuaJIT%20en-us%20utf8/builtin.lua , size = 0.302 KB
[00:14:18.974][info] [#0:script/workspace/loading.lua:113]: ++++As library of:	file:///home/lingguang/.local/share/nvim/mason/packages/lua-language-server/libexec/meta/LuaJIT%20en-us%20utf8/builtin.lua
[00:14:18.975][info] [#0:script/workspace/loading.lua:98]: Skip loaded file: file:///home/lingguang/.local/share/nvim/mason/packages/lua-language-server/libexec/meta/LuaJIT%20en-us%20utf8/builtin.lua
[00:14:18.984][info] [#0:script/workspace/loading.lua:101]: Preload file at: file:///home/lingguang/.local/share/nvim/mason/packages/lua-language-server/libexec/meta/LuaJIT%20en-us%20utf8/debug.lua , size = 7.310 KB
[00:14:18.999][info] [#0:script/workspace/loading.lua:113]: ++++As library of:	file:///home/lingguang/.local/share/nvim/mason/packages/lua-language-server/libexec/meta/LuaJIT%20en-us%20utf8/debug.lua
[00:14:18.999][info] [#0:script/workspace/loading.lua:89]: Skip loaded file: file:///home/lingguang/.local/share/nvim/mason/packages/lua-language-server/libexec/meta/LuaJIT%20en-us%20utf8/debug.lua
[00:14:18.999][info] [#0:script/workspace/loading.lua:113]: ++++As library of:	file:///home/lingguang/.local/share/nvim/mason/packages/lua-language-server/libexec/meta/LuaJIT%20en-us%20utf8/debug.lua
[00:14:18.999][info] [#0:script/workspace/loading.lua:101]: Preload file at: file:///home/lingguang/.local/share/nvim/mason/packages/lua-language-server/libexec/meta/LuaJIT%20en-us%20utf8/io.lua , size = 6.364 KB
[00:14:19.015][info] [#0:script/workspace/loading.lua:113]: ++++As library of:	file:///home/lingguang/.local/share/nvim/mason/packages/lua-language-server/libexec/meta/LuaJIT%20en-us%20utf8/io.lua
[00:14:19.015][info] [#0:script/workspace/loading.lua:98]: Skip loaded file: file:///home/lingguang/.local/share/nvim/mason/packages/lua-language-server/libexec/meta/LuaJIT%20en-us%20utf8/io.lua
[00:14:19.016][info] [#0:script/workspace/loading.lua:101]: Preload file at: file:///home/lingguang/.local/share/nvim/mason/packages/lua-language-server/libexec/meta/LuaJIT%20en-us%20utf8/basic.lua , size = 14.855 KB
[00:14:19.055][info] [#0:script/workspace/loading.lua:113]: ++++As library of:	file:///home/lingguang/.local/share/nvim/mason/packages/lua-language-server/libexec/meta/LuaJIT%20en-us%20utf8/basic.lua
[00:14:19.056][info] [#0:script/workspace/loading.lua:89]: Skip loaded file: file:///home/lingguang/.local/share/nvim/mason/packages/lua-language-server/libexec/meta/LuaJIT%20en-us%20utf8/basic.lua
[00:14:19.056][info] [#0:script/workspace/loading.lua:113]: ++++As library of:	file:///home/lingguang/.local/share/nvim/mason/packages/lua-language-server/libexec/meta/LuaJIT%20en-us%20utf8/basic.lua
[00:14:19.057][info] [#0:script/workspace/loading.lua:101]: Preload file at: file:///home/lingguang/.local/share/nvim/mason/packages/lua-language-server/libexec/meta/LuaJIT%20en-us%20utf8/string/buffer.lua , size = 18.123 KB
[00:14:19.085][info] [#0:script/workspace/loading.lua:113]: ++++As library of:	file:///home/lingguang/.local/share/nvim/mason/packages/lua-language-server/libexec/meta/LuaJIT%20en-us%20utf8/string/buffer.lua
[00:14:19.085][info] [#0:script/workspace/loading.lua:98]: Skip loaded file: file:///home/lingguang/.local/share/nvim/mason/packages/lua-language-server/libexec/meta/LuaJIT%20en-us%20utf8/string/buffer.lua
[00:14:19.087][info] [#0:script/workspace/loading.lua:89]: Skip loaded file: file:///home/lingguang/all/code/gitLib/MyVim-starter/lua/config/lazy.lua
[00:14:19.087][info] [#0:script/workspace/loading.lua:113]: ++++As library of:	file:///home/lingguang/all/code/gitLib/MyVim-starter/lua
[00:14:19.087][info] [#0:script/workspace/loading.lua:89]: Skip loaded file: file:///home/lingguang/all/code/gitLib/MyVim-starter/lua/config/lazy.lua
[00:14:19.087][info] [#0:script/workspace/loading.lua:113]: ++++As library of:	file:///home/lingguang/all/code/gitLib/MyVim-starter/lua
[00:14:19.088][info] [#0:script/workspace/loading.lua:89]: Skip loaded file: file:///home/lingguang/all/code/gitLib/MyVim-starter/lua/config/lazy.lua
[00:14:19.191][info] [#0:script/workspace/loading.lua:101]: Preload file at: file:///home/lingguang/.local/share/nvim/lazy/neodev.nvim/types/stable/vim.fn.lua , size = 202.122 KB
[00:14:19.305][warn] [#0:script/files.lua:694]: Compile [file:///home/lingguang/.local/share/nvim/lazy/neodev.nvim/types/stable/vim.fn.lua] takes [0.113] sec, size [206.973] kb.
[00:14:19.346][info] [#0:script/workspace/loading.lua:113]: ++++As library of:	file:///home/lingguang/.local/share/nvim/lazy/neodev.nvim/types/stable
[00:14:19.346][info] [#0:script/workspace/loading.lua:98]: Skip loaded file: file:///home/lingguang/.local/share/nvim/lazy/neodev.nvim/types/stable/vim.fn.lua
[00:14:19.346][info] [#0:script/workspace/loading.lua:101]: Preload file at: file:///home/lingguang/.local/share/nvim/lazy/neodev.nvim/types/stable/api.lua , size = 111.802 KB
[00:14:19.376][info] [#0:script/workspace/loading.lua:113]: ++++As library of:	file:///home/lingguang/.local/share/nvim/lazy/neodev.nvim/types/stable
[00:14:19.376][info] [#0:script/workspace/loading.lua:98]: Skip loaded file: file:///home/lingguang/.local/share/nvim/lazy/neodev.nvim/types/stable/api.lua
[00:14:19.376][info] [#0:script/workspace/loading.lua:101]: Preload file at: file:///home/lingguang/.local/share/nvim/lazy/neodev.nvim/types/stable/lua.lua , size = 11.346 KB
[00:14:19.380][info] [#0:script/workspace/loading.lua:113]: ++++As library of:	file:///home/lingguang/.local/share/nvim/lazy/neodev.nvim/types/stable
[00:14:19.380][info] [#0:script/workspace/loading.lua:98]: Skip loaded file: file:///home/lingguang/.local/share/nvim/lazy/neodev.nvim/types/stable/lua.lua
[00:14:19.380][info] [#0:script/workspace/loading.lua:101]: Preload file at: file:///home/lingguang/.local/share/nvim/lazy/neodev.nvim/types/stable/lpeg.lua , size = 19.978 KB
[00:14:19.385][info] [#0:script/workspace/loading.lua:113]: ++++As library of:	file:///home/lingguang/.local/share/nvim/lazy/neodev.nvim/types/stable
[00:14:19.385][info] [#0:script/workspace/loading.lua:98]: Skip loaded file: file:///home/lingguang/.local/share/nvim/lazy/neodev.nvim/types/stable/lpeg.lua
[00:14:19.385][info] [#0:script/workspace/loading.lua:101]: Preload file at: file:///home/lingguang/.local/share/nvim/lazy/neodev.nvim/types/stable/options.3.lua , size = 108.481 KB
[00:14:19.466][info] [#0:script/workspace/loading.lua:113]: ++++As library of:	file:///home/lingguang/.local/share/nvim/lazy/neodev.nvim/types/stable
[00:14:19.467][info] [#0:script/workspace/loading.lua:98]: Skip loaded file: file:///home/lingguang/.local/share/nvim/lazy/neodev.nvim/types/stable/options.3.lua
[00:14:19.468][info] [#0:script/workspace/loading.lua:101]: Preload file at: file:///home/lingguang/.local/share/nvim/lazy/neodev.nvim/types/stable/vim.fn.1.lua , size = 163.758 KB
[00:14:19.615][info] [#0:script/workspace/loading.lua:113]: ++++As library of:	file:///home/lingguang/.local/share/nvim/lazy/neodev.nvim/types/stable
[00:14:19.615][info] [#0:script/workspace/loading.lua:101]: Preload file at: file:///home/lingguang/.local/share/nvim/lazy/neodev.nvim/types/stable/vim.lua , size = 1.169 KB
[00:14:19.617][info] [#0:script/workspace/loading.lua:113]: ++++As library of:	file:///home/lingguang/.local/share/nvim/lazy/neodev.nvim/types/stable
[00:14:19.617][info] [#0:script/workspace/loading.lua:98]: Skip loaded file: file:///home/lingguang/.local/share/nvim/lazy/neodev.nvim/types/stable/vim.lua
[00:14:19.618][info] [#0:script/workspace/loading.lua:98]: Skip loaded file: file:///home/lingguang/.local/share/nvim/lazy/neodev.nvim/types/stable/vim.fn.1.lua
[00:14:19.620][info] [#0:script/workspace/loading.lua:101]: Preload file at: file:///home/lingguang/.local/share/nvim/lazy/neodev.nvim/types/stable/options.lua , size = 200.112 KB
[00:14:19.721][warn] [#0:script/files.lua:694]: Compile [file:///home/lingguang/.local/share/nvim/lazy/neodev.nvim/types/stable/options.lua] takes [0.101] sec, size [204.915] kb.
[00:14:19.786][info] [#0:script/workspace/loading.lua:113]: ++++As library of:	file:///home/lingguang/.local/share/nvim/lazy/neodev.nvim/types/stable
[00:14:19.789][info] [#0:script/workspace/loading.lua:98]: Skip loaded file: file:///home/lingguang/.local/share/nvim/lazy/neodev.nvim/types/stable/options.lua
[00:14:19.790][info] [#0:script/workspace/loading.lua:101]: Preload file at: file:///home/lingguang/.local/share/nvim/lazy/neodev.nvim/types/stable/options.2.lua , size = 200.272 KB
[00:14:19.942][warn] [#0:script/files.lua:694]: Compile [file:///home/lingguang/.local/share/nvim/lazy/neodev.nvim/types/stable/options.2.lua] takes [0.152] sec, size [205.079] kb.
[00:14:19.990][info] [#0:script/workspace/loading.lua:113]: ++++As library of:	file:///home/lingguang/.local/share/nvim/lazy/neodev.nvim/types/stable
[00:14:19.990][info] [#0:script/workspace/loading.lua:98]: Skip loaded file: file:///home/lingguang/.local/share/nvim/lazy/neodev.nvim/types/stable/options.2.lua
[00:14:19.990][info] [#0:script/workspace/loading.lua:101]: Preload file at: file:///home/lingguang/.local/share/nvim/lazy/neodev.nvim/types/stable/uv.lua , size = 130.360 KB
[00:14:20.047][info] [#0:script/workspace/loading.lua:113]: ++++As library of:	file:///home/lingguang/.local/share/nvim/lazy/neodev.nvim/types/stable
[00:14:20.048][info] [#0:script/workspace/loading.lua:98]: Skip loaded file: file:///home/lingguang/.local/share/nvim/lazy/neodev.nvim/types/stable/uv.lua
[00:14:20.048][info] [#0:script/workspace/loading.lua:101]: Preload file at: file:///home/lingguang/.local/share/nvim/lazy/neodev.nvim/types/stable/cmd.lua , size = 66.986 KB
[00:14:20.139][info] [#0:script/workspace/loading.lua:113]: ++++As library of:	file:///home/lingguang/.local/share/nvim/lazy/neodev.nvim/types/stable
[00:14:20.140][info] [#0:script/workspace/loading.lua:98]: Skip loaded file: file:///home/lingguang/.local/share/nvim/lazy/neodev.nvim/types/stable/cmd.lua
[00:14:20.140][info] [#0:script/workspace/loading.lua:101]: Preload file at: file:///home/lingguang/.local/share/nvim/lazy/neodev.nvim/types/stable/alias.lua , size = 0.217 KB
[00:14:20.142][info] [#0:script/workspace/loading.lua:113]: ++++As library of:	file:///home/lingguang/.local/share/nvim/lazy/neodev.nvim/types/stable
[00:14:20.142][info] [#0:script/workspace/loading.lua:98]: Skip loaded file: file:///home/lingguang/.local/share/nvim/lazy/neodev.nvim/types/stable/alias.lua
[00:14:20.143][info] [#0:script/workspace/loading.lua:101]: Preload file at: file:///home/lingguang/.local/share/nvim/lazy/neodev.nvim/types/stable/options.1.lua , size = 202.371 KB
[00:14:20.298][info] [#0:script/workspace/loading.lua:113]: ++++As library of:	file:///home/lingguang/.local/share/nvim/lazy/neodev.nvim/types/stable
[00:14:20.300][info] [#0:script/workspace/loading.lua:98]: Skip loaded file: file:///home/lingguang/.local/share/nvim/lazy/neodev.nvim/types/stable/options.1.lua
[00:14:20.300][info] [#0:script/workspace/loading.lua:101]: Preload file at: file:///home/lingguang/.local/share/nvim/mason/packages/lua-language-server/libexec/meta/LuaJIT%20en-us%20utf8/table/new.lua , size = 0.642 KB
[00:14:20.301][info] [#0:script/workspace/loading.lua:113]: ++++As library of:	file:///home/lingguang/.local/share/nvim/mason/packages/lua-language-server/libexec/meta/LuaJIT%20en-us%20utf8/table/new.lua
[00:14:20.301][info] [#0:script/workspace/loading.lua:98]: Skip loaded file: file:///home/lingguang/.local/share/nvim/mason/packages/lua-language-server/libexec/meta/LuaJIT%20en-us%20utf8/table/new.lua
[00:14:20.301][info] [#0:script/workspace/loading.lua:101]: Preload file at: file:///home/lingguang/.local/share/nvim/mason/packages/lua-language-server/libexec/meta/LuaJIT%20en-us%20utf8/ffi.lua , size = 2.529 KB
[00:14:20.307][info] [#0:script/workspace/loading.lua:113]: ++++As library of:	file:///home/lingguang/.local/share/nvim/mason/packages/lua-language-server/libexec/meta/LuaJIT%20en-us%20utf8/ffi.lua
[00:14:20.307][info] [#0:script/workspace/loading.lua:98]: Skip loaded file: file:///home/lingguang/.local/share/nvim/mason/packages/lua-language-server/libexec/meta/LuaJIT%20en-us%20utf8/ffi.lua
[00:14:20.307][info] [#0:script/workspace/loading.lua:101]: Preload file at: file:///home/lingguang/.local/share/nvim/mason/packages/lua-language-server/libexec/meta/LuaJIT%20en-us%20utf8/bit.lua , size = 1.320 KB
[00:14:20.311][info] [#0:script/workspace/loading.lua:113]: ++++As library of:	file:///home/lingguang/.local/share/nvim/mason/packages/lua-language-server/libexec/meta/LuaJIT%20en-us%20utf8/bit.lua
[00:14:20.311][info] [#0:script/workspace/loading.lua:98]: Skip loaded file: file:///home/lingguang/.local/share/nvim/mason/packages/lua-language-server/libexec/meta/LuaJIT%20en-us%20utf8/bit.lua
[00:14:20.311][info] [#0:script/workspace/loading.lua:101]: Preload file at: file:///home/lingguang/.local/share/nvim/mason/packages/lua-language-server/libexec/meta/LuaJIT%20en-us%20utf8/table.lua , size = 4.230 KB
[00:14:20.318][info] [#0:script/workspace/loading.lua:113]: ++++As library of:	file:///home/lingguang/.local/share/nvim/mason/packages/lua-language-server/libexec/meta/LuaJIT%20en-us%20utf8/table.lua
[00:14:20.318][info] [#0:script/workspace/loading.lua:98]: Skip loaded file: file:///home/lingguang/.local/share/nvim/mason/packages/lua-language-server/libexec/meta/LuaJIT%20en-us%20utf8/table.lua
[00:14:20.318][info] [#0:script/workspace/loading.lua:101]: Preload file at: file:///home/lingguang/.local/share/nvim/mason/packages/lua-language-server/libexec/meta/LuaJIT%20en-us%20utf8/jit/profile.lua , size = 0.348 KB
[00:14:20.320][info] [#0:script/workspace/loading.lua:113]: ++++As library of:	file:///home/lingguang/.local/share/nvim/mason/packages/lua-language-server/libexec/meta/LuaJIT%20en-us%20utf8/jit/profile.lua
[00:14:20.320][info] [#0:script/workspace/loading.lua:98]: Skip loaded file: file:///home/lingguang/.local/share/nvim/mason/packages/lua-language-server/libexec/meta/LuaJIT%20en-us%20utf8/jit/profile.lua
[00:14:20.320][info] [#0:script/workspace/loading.lua:101]: Preload file at: file:///home/lingguang/.local/share/nvim/mason/packages/lua-language-server/libexec/meta/LuaJIT%20en-us%20utf8/math.lua , size = 8.133 KB
[00:14:20.331][info] [#0:script/workspace/loading.lua:113]: ++++As library of:	file:///home/lingguang/.local/share/nvim/mason/packages/lua-language-server/libexec/meta/LuaJIT%20en-us%20utf8/math.lua
[00:14:20.331][info] [#0:script/workspace/loading.lua:98]: Skip loaded file: file:///home/lingguang/.local/share/nvim/mason/packages/lua-language-server/libexec/meta/LuaJIT%20en-us%20utf8/math.lua
[00:14:20.331][info] [#0:script/workspace/loading.lua:101]: Preload file at: file:///home/lingguang/all/code/gitLib/MyVim-starter/lua/config/autocmds.lua , size = 0.208 KB
[00:14:20.332][info] [#0:script/workspace/loading.lua:113]: ++++As library of:	file:///home/lingguang/all/code/gitLib/MyVim-starter/lua
[00:14:20.332][info] [#0:script/workspace/loading.lua:98]: Skip loaded file: file:///home/lingguang/all/code/gitLib/MyVim-starter/lua/config/autocmds.lua
[00:14:20.332][info] [#0:script/workspace/loading.lua:101]: Preload file at: file:///home/lingguang/all/code/gitLib/MyVim-starter/lua/config/options.lua , size = 0.207 KB
[00:14:20.332][info] [#0:script/workspace/loading.lua:113]: ++++As library of:	file:///home/lingguang/all/code/gitLib/MyVim-starter/lua
[00:14:20.332][info] [#0:script/workspace/loading.lua:98]: Skip loaded file: file:///home/lingguang/all/code/gitLib/MyVim-starter/lua/config/options.lua
[00:14:20.332][info] [#0:script/workspace/loading.lua:101]: Preload file at: file:///home/lingguang/all/code/gitLib/MyVim-starter/lua/config/keymaps.lua , size = 0.204 KB
[00:14:20.333][info] [#0:script/workspace/loading.lua:113]: ++++As library of:	file:///home/lingguang/all/code/gitLib/MyVim-starter/lua
[00:14:20.333][info] [#0:script/workspace/loading.lua:98]: Skip loaded file: file:///home/lingguang/all/code/gitLib/MyVim-starter/lua/config/keymaps.lua
[00:14:20.333][info] [#0:script/workspace/loading.lua:101]: Preload file at: file:///home/lingguang/all/code/gitLib/MyVim-starter/lua/plugins/example.lua , size = 7.347 KB
[00:14:20.341][info] [#0:script/workspace/loading.lua:113]: ++++As library of:	file:///home/lingguang/all/code/gitLib/MyVim-starter/lua
[00:14:20.341][info] [#0:script/workspace/loading.lua:98]: Skip loaded file: file:///home/lingguang/all/code/gitLib/MyVim-starter/lua/plugins/example.lua
[00:14:20.341][info] [#0:script/workspace/loading.lua:101]: Preload file at: file:///home/lingguang/.local/share/nvim/mason/packages/lua-language-server/libexec/meta/LuaJIT%20en-us%20utf8/os.lua , size = 4.347 KB
[00:14:20.349][info] [#0:script/workspace/loading.lua:113]: ++++As library of:	file:///home/lingguang/.local/share/nvim/mason/packages/lua-language-server/libexec/meta/LuaJIT%20en-us%20utf8/os.lua
[00:14:20.349][info] [#0:script/workspace/loading.lua:101]: Preload file at: file:///home/lingguang/.local/share/nvim/mason/packages/lua-language-server/libexec/meta/LuaJIT%20en-us%20utf8/package.lua , size = 2.699 KB
[00:14:20.354][info] [#0:script/workspace/loading.lua:113]: ++++As library of:	file:///home/lingguang/.local/share/nvim/mason/packages/lua-language-server/libexec/meta/LuaJIT%20en-us%20utf8/package.lua
[00:14:20.354][info] [#0:script/workspace/loading.lua:98]: Skip loaded file: file:///home/lingguang/.local/share/nvim/mason/packages/lua-language-server/libexec/meta/LuaJIT%20en-us%20utf8/os.lua
[00:14:20.354][info] [#0:script/workspace/loading.lua:98]: Skip loaded file: file:///home/lingguang/.local/share/nvim/mason/packages/lua-language-server/libexec/meta/LuaJIT%20en-us%20utf8/package.lua
[00:14:20.354][info] [#0:script/workspace/loading.lua:101]: Preload file at: file:///home/lingguang/.local/share/nvim/mason/packages/lua-language-server/libexec/meta/LuaJIT%20en-us%20utf8/coroutine.lua , size = 2.541 KB
[00:14:20.358][info] [#0:script/workspace/loading.lua:113]: ++++As library of:	file:///home/lingguang/.local/share/nvim/mason/packages/lua-language-server/libexec/meta/LuaJIT%20en-us%20utf8/coroutine.lua
[00:14:20.358][info] [#0:script/workspace/loading.lua:98]: Skip loaded file: file:///home/lingguang/.local/share/nvim/mason/packages/lua-language-server/libexec/meta/LuaJIT%20en-us%20utf8/coroutine.lua
[00:14:20.358][info] [#0:script/workspace/loading.lua:101]: Preload file at: file:///home/lingguang/.local/share/nvim/mason/packages/lua-language-server/libexec/meta/LuaJIT%20en-us%20utf8/table/clear.lua , size = 0.797 KB
[00:14:20.360][info] [#0:script/workspace/loading.lua:113]: ++++As library of:	file:///home/lingguang/.local/share/nvim/mason/packages/lua-language-server/libexec/meta/LuaJIT%20en-us%20utf8/table/clear.lua
[00:14:20.360][info] [#0:script/workspace/loading.lua:98]: Skip loaded file: file:///home/lingguang/.local/share/nvim/mason/packages/lua-language-server/libexec/meta/LuaJIT%20en-us%20utf8/table/clear.lua
[00:14:20.360][info] [#0:script/workspace/loading.lua:101]: Preload file at: file:///home/lingguang/.local/share/nvim/mason/packages/lua-language-server/libexec/meta/LuaJIT%20en-us%20utf8/jit/util.lua , size = 1.984 KB
[00:14:20.368][info] [#0:script/workspace/loading.lua:113]: ++++As library of:	file:///home/lingguang/.local/share/nvim/mason/packages/lua-language-server/libexec/meta/LuaJIT%20en-us%20utf8/jit/util.lua
[00:14:20.369][info] [#0:script/workspace/loading.lua:98]: Skip loaded file: file:///home/lingguang/.local/share/nvim/mason/packages/lua-language-server/libexec/meta/LuaJIT%20en-us%20utf8/jit/util.lua
[00:14:20.369][info] [#0:script/workspace/loading.lua:98]: Skip loaded file: file:///home/lingguang/all/code/gitLib/MyVim-starter/lua/config/options.lua
[00:14:20.369][info] [#0:script/workspace/loading.lua:98]: Skip loaded file: file:///home/lingguang/all/code/gitLib/MyVim-starter/lua/config/autocmds.lua
[00:14:20.369][info] [#0:script/workspace/loading.lua:98]: Skip loaded file: file:///home/lingguang/all/code/gitLib/MyVim-starter/lua/config/keymaps.lua
[00:14:20.369][info] [#0:script/workspace/loading.lua:98]: Skip loaded file: file:///home/lingguang/all/code/gitLib/MyVim-starter/lua/plugins/example.lua
[00:14:20.470][info] [#0:script/workspace/loading.lua:173]: Loaded files takes [2.878] sec: <fallback>
[00:14:20.470][info] [#0:script/workspace/loading.lua:182]: Compile files takes [0.000] sec: <fallback>
[00:14:20.470][info] [#0:script/workspace/loading.lua:183]: Loaded finish:	<fallback>
[00:14:20.470][info] [#0:script/workspace/workspace.lua:379]: Preload finish at:	<fallback>
[00:14:20.486][info] [#0:script/workspace/loading.lua:173]: Loaded files takes [2.893] sec: file:///home/lingguang/all/code/gitLib/MyVim-starter/lua/
[00:14:20.486][info] [#0:script/workspace/loading.lua:182]: Compile files takes [0.000] sec: file:///home/lingguang/all/code/gitLib/MyVim-starter/lua/
[00:14:20.486][info] [#0:script/workspace/loading.lua:183]: Loaded finish:	file:///home/lingguang/all/code/gitLib/MyVim-starter/lua/
[00:14:20.486][info] [#0:script/workspace/workspace.lua:379]: Preload finish at:	file:///home/lingguang/all/code/gitLib/MyVim-starter/lua/
[00:14:20.518][warn] [#0:script/proto/proto.lua:187]: Method [textDocument/didOpen] takes [3.009]sec. {
  jsonrpc = "2.0",
  method = "textDocument/didOpen",
  params = {
    textDocument = {
      languageId = "lua",
      text = '"***"',
      uri = "file:///home/lingguang/all/code/gitLib/MyVim-starter/lua/config/lazy.lua",
      version = 0
    }
  }
}
[00:14:20.544][info] [#0:script/provider/diagnostic.lua:557]: Diagnostics scope [file:///home/lingguang/all/code/gitLib/MyVim-starter/lua/], files count:[104]
[00:14:20.560][warn] [#0:script/proto/proto.lua:187]: Method [textDocument/semanticTokens/full] takes [2.987]sec. {
  id = 6,
  jsonrpc = "2.0",
  method = "textDocument/semanticTokens/full",
  params = {
    textDocument = {
      uri = "file:///home/lingguang/all/code/gitLib/MyVim-starter/lua/config/lazy.lua"
    }
  }
}
[00:14:20.571][warn] [#0:script/proto/proto.lua:187]: Method [textDocument/documentSymbol] takes [3.061]sec. {
  id = 2,
  jsonrpc = "2.0",
  method = "textDocument/documentSymbol",
  params = {
    textDocument = {
      uri = "file:///home/lingguang/all/code/gitLib/MyVim-starter/lua/config/lazy.lua"
    }
  }
}
[00:14:20.573][warn] [#0:script/proto/proto.lua:187]: Method [textDocument/documentSymbol] takes [3.000]sec. {
  id = 7,
  jsonrpc = "2.0",
  method = "textDocument/documentSymbol",
  params = {
    textDocument = {
      uri = "file:///home/lingguang/all/code/gitLib/MyVim-starter/lua/config/lazy.lua"
    }
  }
}
[00:14:20.656][info] [#0:script/provider/diagnostic.lua:574]: Diagnostics scope [file:///home/lingguang/all/code/gitLib/MyVim-starter/lua/] finished, takes [0.113] sec.
[00:17:27.411][info] [#0:script/provider/provider.lua:169]: Server shutdown.
[00:17:27.511][info] [#0:script/provider/provider.lua:162]: Server exited.
